ERROR - 2023-02-06 08:24:00 --> Error connecting to the database: mysqli_sql_exception: Access denied for user ''@'localhost' (using password: NO) in C:\xampp\htdocs\framework\system\Database\MySQLi\Connection.php:174
Stack trace:
#0 C:\xampp\htdocs\framework\system\Database\MySQLi\Connection.php(174): mysqli->real_connect('localhost', '', '', '', 3306, '', 0)
#1 C:\xampp\htdocs\framework\system\Database\BaseConnection.php(391): CodeIgniter\Database\MySQLi\Connection->connect(false)
#2 C:\xampp\htdocs\framework\system\Database\BaseConnection.php(573): CodeIgniter\Database\BaseConnection->initialize()
#3 C:\xampp\htdocs\framework\system\Database\BaseBuilder.php(1686): CodeIgniter\Database\BaseConnection->query('SELECT COUNT(*)...', Array, false)
#4 C:\xampp\htdocs\framework\system\Model.php(605): CodeIgniter\Database\BaseBuilder->countAllResults(false)
#5 C:\xampp\htdocs\framework\system\BaseModel.php(1188): CodeIgniter\Model->countAllResults(false)
#6 C:\xampp\htdocs\framework\app\Controllers\Film.php(15): CodeIgniter\BaseModel->paginate(4, 'film')
#7 C:\xampp\htdocs\framework\system\CodeIgniter.php(934): APP\Controllers\Film->index()
#8 C:\xampp\htdocs\framework\system\CodeIgniter.php(499): CodeIgniter\CodeIgniter->runController(Object(APP\Controllers\Film))
#9 C:\xampp\htdocs\framework\system\CodeIgniter.php(368): CodeIgniter\CodeIgniter->handleRequest(NULL, Object(Config\Cache), false)
#10 C:\xampp\htdocs\framework\public\index.php(67): CodeIgniter\CodeIgniter->run()
#11 C:\xampp\htdocs\framework\system\Commands\Server\rewrite.php(47): require_once('C:\\xampp\\htdocs...')
#12 {main}

Next CodeIgniter\Database\Exceptions\DatabaseException: Access denied for user ''@'localhost' (using password: NO) in C:\xampp\htdocs\framework\system\Database\MySQLi\Connection.php:218
Stack trace:
#0 C:\xampp\htdocs\framework\system\Database\BaseConnection.php(391): CodeIgniter\Database\MySQLi\Connection->connect(false)
#1 C:\xampp\htdocs\framework\system\Database\BaseConnection.php(573): CodeIgniter\Database\BaseConnection->initialize()
#2 C:\xampp\htdocs\framework\system\Database\BaseBuilder.php(1686): CodeIgniter\Database\BaseConnection->query('SELECT COUNT(*)...', Array, false)
#3 C:\xampp\htdocs\framework\system\Model.php(605): CodeIgniter\Database\BaseBuilder->countAllResults(false)
#4 C:\xampp\htdocs\framework\system\BaseModel.php(1188): CodeIgniter\Model->countAllResults(false)
#5 C:\xampp\htdocs\framework\app\Controllers\Film.php(15): CodeIgniter\BaseModel->paginate(4, 'film')
#6 C:\xampp\htdocs\framework\system\CodeIgniter.php(934): APP\Controllers\Film->index()
#7 C:\xampp\htdocs\framework\system\CodeIgniter.php(499): CodeIgniter\CodeIgniter->runController(Object(APP\Controllers\Film))
#8 C:\xampp\htdocs\framework\system\CodeIgniter.php(368): CodeIgniter\CodeIgniter->handleRequest(NULL, Object(Config\Cache), false)
#9 C:\xampp\htdocs\framework\public\index.php(67): CodeIgniter\CodeIgniter->run()
#10 C:\xampp\htdocs\framework\system\Commands\Server\rewrite.php(47): require_once('C:\\xampp\\htdocs...')
#11 {main}
CRITICAL - 2023-02-06 08:24:00 --> Unable to connect to the database.
Main connection [MySQLi]: Access denied for user ''@'localhost' (using password: NO)
in SYSTEMPATH\Database\BaseConnection.php on line 427.
 1 SYSTEMPATH\Database\BaseConnection.php(573): CodeIgniter\Database\BaseConnection->initialize()
 2 SYSTEMPATH\Database\BaseBuilder.php(1686): CodeIgniter\Database\BaseConnection->query('SELECT COUNT(*) AS `numrows`
FROM `Film`', [], false)
 3 SYSTEMPATH\Model.php(605): CodeIgniter\Database\BaseBuilder->countAllResults(false)
 4 SYSTEMPATH\BaseModel.php(1188): CodeIgniter\Model->countAllResults(false)
 5 APPPATH\Controllers\Film.php(15): CodeIgniter\BaseModel->paginate(4, 'film')
 6 SYSTEMPATH\CodeIgniter.php(934): APP\Controllers\Film->index()
 7 SYSTEMPATH\CodeIgniter.php(499): CodeIgniter\CodeIgniter->runController(Object(APP\Controllers\Film))
 8 SYSTEMPATH\CodeIgniter.php(368): CodeIgniter\CodeIgniter->handleRequest(null, Object(Config\Cache), false)
 9 FCPATH\index.php(67): CodeIgniter\CodeIgniter->run()
10 SYSTEMPATH\Commands\Server\rewrite.php(47): require_once('FCPATH\\index.php')
ERROR - 2023-02-06 08:24:01 --> Error connecting to the database: mysqli_sql_exception: Access denied for user ''@'localhost' (using password: NO) in C:\xampp\htdocs\framework\system\Database\MySQLi\Connection.php:174
Stack trace:
#0 C:\xampp\htdocs\framework\system\Database\MySQLi\Connection.php(174): mysqli->real_connect('localhost', '', '', '', 3306, '', 0)
#1 C:\xampp\htdocs\framework\system\Database\BaseConnection.php(391): CodeIgniter\Database\MySQLi\Connection->connect(false)
#2 C:\xampp\htdocs\framework\system\Database\BaseConnection.php(573): CodeIgniter\Database\BaseConnection->initialize()
#3 C:\xampp\htdocs\framework\system\Database\BaseBuilder.php(1686): CodeIgniter\Database\BaseConnection->query('SELECT COUNT(*)...', Array, false)
#4 C:\xampp\htdocs\framework\system\Model.php(605): CodeIgniter\Database\BaseBuilder->countAllResults(false)
#5 C:\xampp\htdocs\framework\system\BaseModel.php(1188): CodeIgniter\Model->countAllResults(false)
#6 C:\xampp\htdocs\framework\app\Controllers\Film.php(15): CodeIgniter\BaseModel->paginate(4, 'film')
#7 C:\xampp\htdocs\framework\system\CodeIgniter.php(934): APP\Controllers\Film->index()
#8 C:\xampp\htdocs\framework\system\CodeIgniter.php(499): CodeIgniter\CodeIgniter->runController(Object(APP\Controllers\Film))
#9 C:\xampp\htdocs\framework\system\CodeIgniter.php(368): CodeIgniter\CodeIgniter->handleRequest(NULL, Object(Config\Cache), false)
#10 C:\xampp\htdocs\framework\public\index.php(67): CodeIgniter\CodeIgniter->run()
#11 C:\xampp\htdocs\framework\system\Commands\Server\rewrite.php(47): require_once('C:\\xampp\\htdocs...')
#12 {main}

Next CodeIgniter\Database\Exceptions\DatabaseException: Access denied for user ''@'localhost' (using password: NO) in C:\xampp\htdocs\framework\system\Database\MySQLi\Connection.php:218
Stack trace:
#0 C:\xampp\htdocs\framework\system\Database\BaseConnection.php(391): CodeIgniter\Database\MySQLi\Connection->connect(false)
#1 C:\xampp\htdocs\framework\system\Database\BaseConnection.php(573): CodeIgniter\Database\BaseConnection->initialize()
#2 C:\xampp\htdocs\framework\system\Database\BaseBuilder.php(1686): CodeIgniter\Database\BaseConnection->query('SELECT COUNT(*)...', Array, false)
#3 C:\xampp\htdocs\framework\system\Model.php(605): CodeIgniter\Database\BaseBuilder->countAllResults(false)
#4 C:\xampp\htdocs\framework\system\BaseModel.php(1188): CodeIgniter\Model->countAllResults(false)
#5 C:\xampp\htdocs\framework\app\Controllers\Film.php(15): CodeIgniter\BaseModel->paginate(4, 'film')
#6 C:\xampp\htdocs\framework\system\CodeIgniter.php(934): APP\Controllers\Film->index()
#7 C:\xampp\htdocs\framework\system\CodeIgniter.php(499): CodeIgniter\CodeIgniter->runController(Object(APP\Controllers\Film))
#8 C:\xampp\htdocs\framework\system\CodeIgniter.php(368): CodeIgniter\CodeIgniter->handleRequest(NULL, Object(Config\Cache), false)
#9 C:\xampp\htdocs\framework\public\index.php(67): CodeIgniter\CodeIgniter->run()
#10 C:\xampp\htdocs\framework\system\Commands\Server\rewrite.php(47): require_once('C:\\xampp\\htdocs...')
#11 {main}
CRITICAL - 2023-02-06 08:24:01 --> Unable to connect to the database.
Main connection [MySQLi]: Access denied for user ''@'localhost' (using password: NO)
in SYSTEMPATH\Database\BaseConnection.php on line 427.
 1 SYSTEMPATH\Database\BaseConnection.php(573): CodeIgniter\Database\BaseConnection->initialize()
 2 SYSTEMPATH\Database\BaseBuilder.php(1686): CodeIgniter\Database\BaseConnection->query('SELECT COUNT(*) AS `numrows`
FROM `Film`', [], false)
 3 SYSTEMPATH\Model.php(605): CodeIgniter\Database\BaseBuilder->countAllResults(false)
 4 SYSTEMPATH\BaseModel.php(1188): CodeIgniter\Model->countAllResults(false)
 5 APPPATH\Controllers\Film.php(15): CodeIgniter\BaseModel->paginate(4, 'film')
 6 SYSTEMPATH\CodeIgniter.php(934): APP\Controllers\Film->index()
 7 SYSTEMPATH\CodeIgniter.php(499): CodeIgniter\CodeIgniter->runController(Object(APP\Controllers\Film))
 8 SYSTEMPATH\CodeIgniter.php(368): CodeIgniter\CodeIgniter->handleRequest(null, Object(Config\Cache), false)
 9 FCPATH\index.php(67): CodeIgniter\CodeIgniter->run()
10 SYSTEMPATH\Commands\Server\rewrite.php(47): require_once('FCPATH\\index.php')
ERROR - 2023-02-06 08:24:28 --> Error connecting to the database: mysqli_sql_exception: Access denied for user ''@'localhost' (using password: NO) in C:\xampp\htdocs\framework\system\Database\MySQLi\Connection.php:174
Stack trace:
#0 C:\xampp\htdocs\framework\system\Database\MySQLi\Connection.php(174): mysqli->real_connect('localhost', '', '', '', 3306, '', 0)
#1 C:\xampp\htdocs\framework\system\Database\BaseConnection.php(391): CodeIgniter\Database\MySQLi\Connection->connect(false)
#2 C:\xampp\htdocs\framework\system\Database\BaseConnection.php(573): CodeIgniter\Database\BaseConnection->initialize()
#3 C:\xampp\htdocs\framework\system\Database\BaseBuilder.php(1686): CodeIgniter\Database\BaseConnection->query('SELECT COUNT(*)...', Array, false)
#4 C:\xampp\htdocs\framework\system\Model.php(605): CodeIgniter\Database\BaseBuilder->countAllResults(false)
#5 C:\xampp\htdocs\framework\system\BaseModel.php(1188): CodeIgniter\Model->countAllResults(false)
#6 C:\xampp\htdocs\framework\app\Controllers\Film.php(15): CodeIgniter\BaseModel->paginate(4, 'film')
#7 C:\xampp\htdocs\framework\system\CodeIgniter.php(934): APP\Controllers\Film->index()
#8 C:\xampp\htdocs\framework\system\CodeIgniter.php(499): CodeIgniter\CodeIgniter->runController(Object(APP\Controllers\Film))
#9 C:\xampp\htdocs\framework\system\CodeIgniter.php(368): CodeIgniter\CodeIgniter->handleRequest(NULL, Object(Config\Cache), false)
#10 C:\xampp\htdocs\framework\public\index.php(67): CodeIgniter\CodeIgniter->run()
#11 C:\xampp\htdocs\framework\system\Commands\Server\rewrite.php(47): require_once('C:\\xampp\\htdocs...')
#12 {main}

Next CodeIgniter\Database\Exceptions\DatabaseException: Access denied for user ''@'localhost' (using password: NO) in C:\xampp\htdocs\framework\system\Database\MySQLi\Connection.php:218
Stack trace:
#0 C:\xampp\htdocs\framework\system\Database\BaseConnection.php(391): CodeIgniter\Database\MySQLi\Connection->connect(false)
#1 C:\xampp\htdocs\framework\system\Database\BaseConnection.php(573): CodeIgniter\Database\BaseConnection->initialize()
#2 C:\xampp\htdocs\framework\system\Database\BaseBuilder.php(1686): CodeIgniter\Database\BaseConnection->query('SELECT COUNT(*)...', Array, false)
#3 C:\xampp\htdocs\framework\system\Model.php(605): CodeIgniter\Database\BaseBuilder->countAllResults(false)
#4 C:\xampp\htdocs\framework\system\BaseModel.php(1188): CodeIgniter\Model->countAllResults(false)
#5 C:\xampp\htdocs\framework\app\Controllers\Film.php(15): CodeIgniter\BaseModel->paginate(4, 'film')
#6 C:\xampp\htdocs\framework\system\CodeIgniter.php(934): APP\Controllers\Film->index()
#7 C:\xampp\htdocs\framework\system\CodeIgniter.php(499): CodeIgniter\CodeIgniter->runController(Object(APP\Controllers\Film))
#8 C:\xampp\htdocs\framework\system\CodeIgniter.php(368): CodeIgniter\CodeIgniter->handleRequest(NULL, Object(Config\Cache), false)
#9 C:\xampp\htdocs\framework\public\index.php(67): CodeIgniter\CodeIgniter->run()
#10 C:\xampp\htdocs\framework\system\Commands\Server\rewrite.php(47): require_once('C:\\xampp\\htdocs...')
#11 {main}
CRITICAL - 2023-02-06 08:24:28 --> Unable to connect to the database.
Main connection [MySQLi]: Access denied for user ''@'localhost' (using password: NO)
in SYSTEMPATH\Database\BaseConnection.php on line 427.
 1 SYSTEMPATH\Database\BaseConnection.php(573): CodeIgniter\Database\BaseConnection->initialize()
 2 SYSTEMPATH\Database\BaseBuilder.php(1686): CodeIgniter\Database\BaseConnection->query('SELECT COUNT(*) AS `numrows`
FROM `Film`', [], false)
 3 SYSTEMPATH\Model.php(605): CodeIgniter\Database\BaseBuilder->countAllResults(false)
 4 SYSTEMPATH\BaseModel.php(1188): CodeIgniter\Model->countAllResults(false)
 5 APPPATH\Controllers\Film.php(15): CodeIgniter\BaseModel->paginate(4, 'film')
 6 SYSTEMPATH\CodeIgniter.php(934): APP\Controllers\Film->index()
 7 SYSTEMPATH\CodeIgniter.php(499): CodeIgniter\CodeIgniter->runController(Object(APP\Controllers\Film))
 8 SYSTEMPATH\CodeIgniter.php(368): CodeIgniter\CodeIgniter->handleRequest(null, Object(Config\Cache), false)
 9 FCPATH\index.php(67): CodeIgniter\CodeIgniter->run()
10 SYSTEMPATH\Commands\Server\rewrite.php(47): require_once('FCPATH\\index.php')
ERROR - 2023-02-06 08:24:57 --> Error connecting to the database: mysqli_sql_exception: Access denied for user ''@'localhost' (using password: NO) in C:\xampp\htdocs\framework\system\Database\MySQLi\Connection.php:174
Stack trace:
#0 C:\xampp\htdocs\framework\system\Database\MySQLi\Connection.php(174): mysqli->real_connect('localhost', '', '', '', 3306, '', 0)
#1 C:\xampp\htdocs\framework\system\Database\BaseConnection.php(391): CodeIgniter\Database\MySQLi\Connection->connect(false)
#2 C:\xampp\htdocs\framework\system\Database\BaseConnection.php(573): CodeIgniter\Database\BaseConnection->initialize()
#3 C:\xampp\htdocs\framework\system\Database\BaseBuilder.php(1686): CodeIgniter\Database\BaseConnection->query('SELECT COUNT(*)...', Array, false)
#4 C:\xampp\htdocs\framework\system\Model.php(605): CodeIgniter\Database\BaseBuilder->countAllResults(false)
#5 C:\xampp\htdocs\framework\system\BaseModel.php(1188): CodeIgniter\Model->countAllResults(false)
#6 C:\xampp\htdocs\framework\app\Controllers\Film.php(15): CodeIgniter\BaseModel->paginate(4, 'film')
#7 C:\xampp\htdocs\framework\system\CodeIgniter.php(934): APP\Controllers\Film->index()
#8 C:\xampp\htdocs\framework\system\CodeIgniter.php(499): CodeIgniter\CodeIgniter->runController(Object(APP\Controllers\Film))
#9 C:\xampp\htdocs\framework\system\CodeIgniter.php(368): CodeIgniter\CodeIgniter->handleRequest(NULL, Object(Config\Cache), false)
#10 C:\xampp\htdocs\framework\public\index.php(67): CodeIgniter\CodeIgniter->run()
#11 C:\xampp\htdocs\framework\system\Commands\Server\rewrite.php(47): require_once('C:\\xampp\\htdocs...')
#12 {main}

Next CodeIgniter\Database\Exceptions\DatabaseException: Access denied for user ''@'localhost' (using password: NO) in C:\xampp\htdocs\framework\system\Database\MySQLi\Connection.php:218
Stack trace:
#0 C:\xampp\htdocs\framework\system\Database\BaseConnection.php(391): CodeIgniter\Database\MySQLi\Connection->connect(false)
#1 C:\xampp\htdocs\framework\system\Database\BaseConnection.php(573): CodeIgniter\Database\BaseConnection->initialize()
#2 C:\xampp\htdocs\framework\system\Database\BaseBuilder.php(1686): CodeIgniter\Database\BaseConnection->query('SELECT COUNT(*)...', Array, false)
#3 C:\xampp\htdocs\framework\system\Model.php(605): CodeIgniter\Database\BaseBuilder->countAllResults(false)
#4 C:\xampp\htdocs\framework\system\BaseModel.php(1188): CodeIgniter\Model->countAllResults(false)
#5 C:\xampp\htdocs\framework\app\Controllers\Film.php(15): CodeIgniter\BaseModel->paginate(4, 'film')
#6 C:\xampp\htdocs\framework\system\CodeIgniter.php(934): APP\Controllers\Film->index()
#7 C:\xampp\htdocs\framework\system\CodeIgniter.php(499): CodeIgniter\CodeIgniter->runController(Object(APP\Controllers\Film))
#8 C:\xampp\htdocs\framework\system\CodeIgniter.php(368): CodeIgniter\CodeIgniter->handleRequest(NULL, Object(Config\Cache), false)
#9 C:\xampp\htdocs\framework\public\index.php(67): CodeIgniter\CodeIgniter->run()
#10 C:\xampp\htdocs\framework\system\Commands\Server\rewrite.php(47): require_once('C:\\xampp\\htdocs...')
#11 {main}
CRITICAL - 2023-02-06 08:24:57 --> Unable to connect to the database.
Main connection [MySQLi]: Access denied for user ''@'localhost' (using password: NO)
in SYSTEMPATH\Database\BaseConnection.php on line 427.
 1 SYSTEMPATH\Database\BaseConnection.php(573): CodeIgniter\Database\BaseConnection->initialize()
 2 SYSTEMPATH\Database\BaseBuilder.php(1686): CodeIgniter\Database\BaseConnection->query('SELECT COUNT(*) AS `numrows`
FROM `Film`', [], false)
 3 SYSTEMPATH\Model.php(605): CodeIgniter\Database\BaseBuilder->countAllResults(false)
 4 SYSTEMPATH\BaseModel.php(1188): CodeIgniter\Model->countAllResults(false)
 5 APPPATH\Controllers\Film.php(15): CodeIgniter\BaseModel->paginate(4, 'film')
 6 SYSTEMPATH\CodeIgniter.php(934): APP\Controllers\Film->index()
 7 SYSTEMPATH\CodeIgniter.php(499): CodeIgniter\CodeIgniter->runController(Object(APP\Controllers\Film))
 8 SYSTEMPATH\CodeIgniter.php(368): CodeIgniter\CodeIgniter->handleRequest(null, Object(Config\Cache), false)
 9 FCPATH\index.php(67): CodeIgniter\CodeIgniter->run()
10 SYSTEMPATH\Commands\Server\rewrite.php(47): require_once('FCPATH\\index.php')
CRITICAL - 2023-02-06 08:26:53 --> Undefined array key "htto"
in SYSTEMPATH\HTTP\URI.php on line 364.
 1 SYSTEMPATH\HTTP\URI.php(364): CodeIgniter\Debug\Exceptions->errorHandler(2, 'Undefined array key "htto"', 'SYSTEMPATH\\HTTP\\URI.php', 364)
 2 SYSTEMPATH\HTTP\URI.php(611): CodeIgniter\HTTP\URI->getAuthority()
 3 [internal function]: CodeIgniter\HTTP\URI->__toString()
 4 SYSTEMPATH\CodeIgniter.php(776): md5(Object(CodeIgniter\HTTP\URI))
 5 SYSTEMPATH\CodeIgniter.php(696): CodeIgniter\CodeIgniter->generateCacheName(Object(Config\Cache))
 6 SYSTEMPATH\CodeIgniter.php(355): CodeIgniter\CodeIgniter->displayCache(Object(Config\Cache))
 7 FCPATH\index.php(67): CodeIgniter\CodeIgniter->run()
 8 SYSTEMPATH\Commands\Server\rewrite.php(47): require_once('FCPATH\\index.php')
CRITICAL - 2023-02-06 08:26:53 --> Uncaught ErrorException: Undefined array key "htto" in C:\xampp\htdocs\framework\system\HTTP\URI.php:364
Stack trace:
#0 C:\xampp\htdocs\framework\system\HTTP\URI.php(364): CodeIgniter\Debug\Exceptions->errorHandler(2, 'Undefined array...', 'C:\\xampp\\htdocs...', 364)
#1 C:\xampp\htdocs\framework\system\HTTP\URI.php(611): CodeIgniter\HTTP\URI->getAuthority()
#2 C:\xampp\htdocs\framework\app\Views\errors\html\error_exception.php(198): CodeIgniter\HTTP\URI->__toString()
#3 C:\xampp\htdocs\framework\system\Debug\Exceptions.php(266): include('C:\\xampp\\htdocs...')
#4 C:\xampp\htdocs\framework\system\Debug\Exceptions.php(269): CodeIgniter\Debug\Exceptions->CodeIgniter\Debug\{closure}()
#5 C:\xampp\htdocs\framework\system\Debug\Exceptions.php(147): CodeIgniter\Debug\Exceptions->render(Object(ErrorException), 500)
#6 [internal function]: CodeIgniter\Debug\Exceptions->exceptionHandler(Object(ErrorException))
#7 {main}
  thrown
in SYSTEMPATH\HTTP\URI.php on line 364.
 1 [internal function]: CodeIgniter\Debug\Exceptions->shutdownHandler()
ERROR - 2023-02-06 08:27:02 --> Error connecting to the database: mysqli_sql_exception: Access denied for user ''@'localhost' (using password: NO) in C:\xampp\htdocs\framework\system\Database\MySQLi\Connection.php:174
Stack trace:
#0 C:\xampp\htdocs\framework\system\Database\MySQLi\Connection.php(174): mysqli->real_connect('localhost', '', '', '', 3306, '', 0)
#1 C:\xampp\htdocs\framework\system\Database\BaseConnection.php(391): CodeIgniter\Database\MySQLi\Connection->connect(false)
#2 C:\xampp\htdocs\framework\system\Database\BaseConnection.php(573): CodeIgniter\Database\BaseConnection->initialize()
#3 C:\xampp\htdocs\framework\system\Database\BaseBuilder.php(1686): CodeIgniter\Database\BaseConnection->query('SELECT COUNT(*)...', Array, false)
#4 C:\xampp\htdocs\framework\system\Model.php(605): CodeIgniter\Database\BaseBuilder->countAllResults(false)
#5 C:\xampp\htdocs\framework\system\BaseModel.php(1188): CodeIgniter\Model->countAllResults(false)
#6 C:\xampp\htdocs\framework\app\Controllers\Film.php(15): CodeIgniter\BaseModel->paginate(4, 'film')
#7 C:\xampp\htdocs\framework\system\CodeIgniter.php(934): APP\Controllers\Film->index()
#8 C:\xampp\htdocs\framework\system\CodeIgniter.php(499): CodeIgniter\CodeIgniter->runController(Object(APP\Controllers\Film))
#9 C:\xampp\htdocs\framework\system\CodeIgniter.php(368): CodeIgniter\CodeIgniter->handleRequest(NULL, Object(Config\Cache), false)
#10 C:\xampp\htdocs\framework\public\index.php(67): CodeIgniter\CodeIgniter->run()
#11 C:\xampp\htdocs\framework\system\Commands\Server\rewrite.php(47): require_once('C:\\xampp\\htdocs...')
#12 {main}

Next CodeIgniter\Database\Exceptions\DatabaseException: Access denied for user ''@'localhost' (using password: NO) in C:\xampp\htdocs\framework\system\Database\MySQLi\Connection.php:218
Stack trace:
#0 C:\xampp\htdocs\framework\system\Database\BaseConnection.php(391): CodeIgniter\Database\MySQLi\Connection->connect(false)
#1 C:\xampp\htdocs\framework\system\Database\BaseConnection.php(573): CodeIgniter\Database\BaseConnection->initialize()
#2 C:\xampp\htdocs\framework\system\Database\BaseBuilder.php(1686): CodeIgniter\Database\BaseConnection->query('SELECT COUNT(*)...', Array, false)
#3 C:\xampp\htdocs\framework\system\Model.php(605): CodeIgniter\Database\BaseBuilder->countAllResults(false)
#4 C:\xampp\htdocs\framework\system\BaseModel.php(1188): CodeIgniter\Model->countAllResults(false)
#5 C:\xampp\htdocs\framework\app\Controllers\Film.php(15): CodeIgniter\BaseModel->paginate(4, 'film')
#6 C:\xampp\htdocs\framework\system\CodeIgniter.php(934): APP\Controllers\Film->index()
#7 C:\xampp\htdocs\framework\system\CodeIgniter.php(499): CodeIgniter\CodeIgniter->runController(Object(APP\Controllers\Film))
#8 C:\xampp\htdocs\framework\system\CodeIgniter.php(368): CodeIgniter\CodeIgniter->handleRequest(NULL, Object(Config\Cache), false)
#9 C:\xampp\htdocs\framework\public\index.php(67): CodeIgniter\CodeIgniter->run()
#10 C:\xampp\htdocs\framework\system\Commands\Server\rewrite.php(47): require_once('C:\\xampp\\htdocs...')
#11 {main}
CRITICAL - 2023-02-06 08:27:02 --> Unable to connect to the database.
Main connection [MySQLi]: Access denied for user ''@'localhost' (using password: NO)
in SYSTEMPATH\Database\BaseConnection.php on line 427.
 1 SYSTEMPATH\Database\BaseConnection.php(573): CodeIgniter\Database\BaseConnection->initialize()
 2 SYSTEMPATH\Database\BaseBuilder.php(1686): CodeIgniter\Database\BaseConnection->query('SELECT COUNT(*) AS `numrows`
FROM `Film`', [], false)
 3 SYSTEMPATH\Model.php(605): CodeIgniter\Database\BaseBuilder->countAllResults(false)
 4 SYSTEMPATH\BaseModel.php(1188): CodeIgniter\Model->countAllResults(false)
 5 APPPATH\Controllers\Film.php(15): CodeIgniter\BaseModel->paginate(4, 'film')
 6 SYSTEMPATH\CodeIgniter.php(934): APP\Controllers\Film->index()
 7 SYSTEMPATH\CodeIgniter.php(499): CodeIgniter\CodeIgniter->runController(Object(APP\Controllers\Film))
 8 SYSTEMPATH\CodeIgniter.php(368): CodeIgniter\CodeIgniter->handleRequest(null, Object(Config\Cache), false)
 9 FCPATH\index.php(67): CodeIgniter\CodeIgniter->run()
10 SYSTEMPATH\Commands\Server\rewrite.php(47): require_once('FCPATH\\index.php')
ERROR - 2023-02-06 08:27:24 --> Error connecting to the database: mysqli_sql_exception: Unknown database 'ci4' in C:\xampp\htdocs\framework\system\Database\MySQLi\Connection.php:174
Stack trace:
#0 C:\xampp\htdocs\framework\system\Database\MySQLi\Connection.php(174): mysqli->real_connect('localhost', 'root', '', 'ci4', 3306, '', 0)
#1 C:\xampp\htdocs\framework\system\Database\BaseConnection.php(391): CodeIgniter\Database\MySQLi\Connection->connect(false)
#2 C:\xampp\htdocs\framework\system\Database\BaseConnection.php(573): CodeIgniter\Database\BaseConnection->initialize()
#3 C:\xampp\htdocs\framework\system\Database\BaseBuilder.php(1686): CodeIgniter\Database\BaseConnection->query('SELECT COUNT(*)...', Array, false)
#4 C:\xampp\htdocs\framework\system\Model.php(605): CodeIgniter\Database\BaseBuilder->countAllResults(false)
#5 C:\xampp\htdocs\framework\system\BaseModel.php(1188): CodeIgniter\Model->countAllResults(false)
#6 C:\xampp\htdocs\framework\app\Controllers\Film.php(15): CodeIgniter\BaseModel->paginate(4, 'film')
#7 C:\xampp\htdocs\framework\system\CodeIgniter.php(934): APP\Controllers\Film->index()
#8 C:\xampp\htdocs\framework\system\CodeIgniter.php(499): CodeIgniter\CodeIgniter->runController(Object(APP\Controllers\Film))
#9 C:\xampp\htdocs\framework\system\CodeIgniter.php(368): CodeIgniter\CodeIgniter->handleRequest(NULL, Object(Config\Cache), false)
#10 C:\xampp\htdocs\framework\public\index.php(67): CodeIgniter\CodeIgniter->run()
#11 C:\xampp\htdocs\framework\system\Commands\Server\rewrite.php(47): require_once('C:\\xampp\\htdocs...')
#12 {main}

Next CodeIgniter\Database\Exceptions\DatabaseException: Unknown database 'ci4' in C:\xampp\htdocs\framework\system\Database\MySQLi\Connection.php:218
Stack trace:
#0 C:\xampp\htdocs\framework\system\Database\BaseConnection.php(391): CodeIgniter\Database\MySQLi\Connection->connect(false)
#1 C:\xampp\htdocs\framework\system\Database\BaseConnection.php(573): CodeIgniter\Database\BaseConnection->initialize()
#2 C:\xampp\htdocs\framework\system\Database\BaseBuilder.php(1686): CodeIgniter\Database\BaseConnection->query('SELECT COUNT(*)...', Array, false)
#3 C:\xampp\htdocs\framework\system\Model.php(605): CodeIgniter\Database\BaseBuilder->countAllResults(false)
#4 C:\xampp\htdocs\framework\system\BaseModel.php(1188): CodeIgniter\Model->countAllResults(false)
#5 C:\xampp\htdocs\framework\app\Controllers\Film.php(15): CodeIgniter\BaseModel->paginate(4, 'film')
#6 C:\xampp\htdocs\framework\system\CodeIgniter.php(934): APP\Controllers\Film->index()
#7 C:\xampp\htdocs\framework\system\CodeIgniter.php(499): CodeIgniter\CodeIgniter->runController(Object(APP\Controllers\Film))
#8 C:\xampp\htdocs\framework\system\CodeIgniter.php(368): CodeIgniter\CodeIgniter->handleRequest(NULL, Object(Config\Cache), false)
#9 C:\xampp\htdocs\framework\public\index.php(67): CodeIgniter\CodeIgniter->run()
#10 C:\xampp\htdocs\framework\system\Commands\Server\rewrite.php(47): require_once('C:\\xampp\\htdocs...')
#11 {main}
CRITICAL - 2023-02-06 08:27:24 --> Unable to connect to the database.
Main connection [MySQLi]: Unknown database 'ci4'
in SYSTEMPATH\Database\BaseConnection.php on line 427.
 1 SYSTEMPATH\Database\BaseConnection.php(573): CodeIgniter\Database\BaseConnection->initialize()
 2 SYSTEMPATH\Database\BaseBuilder.php(1686): CodeIgniter\Database\BaseConnection->query('SELECT COUNT(*) AS `numrows`
FROM `Film`', [], false)
 3 SYSTEMPATH\Model.php(605): CodeIgniter\Database\BaseBuilder->countAllResults(false)
 4 SYSTEMPATH\BaseModel.php(1188): CodeIgniter\Model->countAllResults(false)
 5 APPPATH\Controllers\Film.php(15): CodeIgniter\BaseModel->paginate(4, 'film')
 6 SYSTEMPATH\CodeIgniter.php(934): APP\Controllers\Film->index()
 7 SYSTEMPATH\CodeIgniter.php(499): CodeIgniter\CodeIgniter->runController(Object(APP\Controllers\Film))
 8 SYSTEMPATH\CodeIgniter.php(368): CodeIgniter\CodeIgniter->handleRequest(null, Object(Config\Cache), false)
 9 FCPATH\index.php(67): CodeIgniter\CodeIgniter->run()
10 SYSTEMPATH\Commands\Server\rewrite.php(47): require_once('FCPATH\\index.php')
ERROR - 2023-02-06 08:27:32 --> mysqli_sql_exception: Table 'komik.film' doesn't exist in C:\xampp\htdocs\framework\system\Database\MySQLi\Connection.php:295
Stack trace:
#0 C:\xampp\htdocs\framework\system\Database\MySQLi\Connection.php(295): mysqli->query('SELECT COUNT(*)...', 0)
#1 C:\xampp\htdocs\framework\system\Database\BaseConnection.php(691): CodeIgniter\Database\MySQLi\Connection->execute('SELECT COUNT(*)...')
#2 C:\xampp\htdocs\framework\system\Database\BaseConnection.php(605): CodeIgniter\Database\BaseConnection->simpleQuery('SELECT COUNT(*)...')
#3 C:\xampp\htdocs\framework\system\Database\BaseBuilder.php(1686): CodeIgniter\Database\BaseConnection->query('SELECT COUNT(*)...', Array, false)
#4 C:\xampp\htdocs\framework\system\Model.php(605): CodeIgniter\Database\BaseBuilder->countAllResults(false)
#5 C:\xampp\htdocs\framework\system\BaseModel.php(1188): CodeIgniter\Model->countAllResults(false)
#6 C:\xampp\htdocs\framework\app\Controllers\Film.php(15): CodeIgniter\BaseModel->paginate(4, 'film')
#7 C:\xampp\htdocs\framework\system\CodeIgniter.php(934): APP\Controllers\Film->index()
#8 C:\xampp\htdocs\framework\system\CodeIgniter.php(499): CodeIgniter\CodeIgniter->runController(Object(APP\Controllers\Film))
#9 C:\xampp\htdocs\framework\system\CodeIgniter.php(368): CodeIgniter\CodeIgniter->handleRequest(NULL, Object(Config\Cache), false)
#10 C:\xampp\htdocs\framework\public\index.php(67): CodeIgniter\CodeIgniter->run()
#11 C:\xampp\htdocs\framework\system\Commands\Server\rewrite.php(47): require_once('C:\\xampp\\htdocs...')
#12 {main}
CRITICAL - 2023-02-06 08:27:32 --> Table 'komik.film' doesn't exist
in SYSTEMPATH\Database\BaseConnection.php on line 645.
 1 SYSTEMPATH\Database\BaseBuilder.php(1686): CodeIgniter\Database\BaseConnection->query('SELECT COUNT(*) AS `numrows`
FROM `Film`', [], false)
 2 SYSTEMPATH\Model.php(605): CodeIgniter\Database\BaseBuilder->countAllResults(false)
 3 SYSTEMPATH\BaseModel.php(1188): CodeIgniter\Model->countAllResults(false)
 4 APPPATH\Controllers\Film.php(15): CodeIgniter\BaseModel->paginate(4, 'film')
 5 SYSTEMPATH\CodeIgniter.php(934): APP\Controllers\Film->index()
 6 SYSTEMPATH\CodeIgniter.php(499): CodeIgniter\CodeIgniter->runController(Object(APP\Controllers\Film))
 7 SYSTEMPATH\CodeIgniter.php(368): CodeIgniter\CodeIgniter->handleRequest(null, Object(Config\Cache), false)
 8 FCPATH\index.php(67): CodeIgniter\CodeIgniter->run()
 9 SYSTEMPATH\Commands\Server\rewrite.php(47): require_once('FCPATH\\index.php')
ERROR - 2023-02-06 08:27:32 --> mysqli_sql_exception: Table 'komik.film' doesn't exist in C:\xampp\htdocs\framework\system\Database\MySQLi\Connection.php:295
Stack trace:
#0 C:\xampp\htdocs\framework\system\Database\MySQLi\Connection.php(295): mysqli->query('SELECT COUNT(*)...', 0)
#1 C:\xampp\htdocs\framework\system\Database\BaseConnection.php(691): CodeIgniter\Database\MySQLi\Connection->execute('SELECT COUNT(*)...')
#2 C:\xampp\htdocs\framework\system\Database\BaseConnection.php(605): CodeIgniter\Database\BaseConnection->simpleQuery('SELECT COUNT(*)...')
#3 C:\xampp\htdocs\framework\system\Database\BaseBuilder.php(1686): CodeIgniter\Database\BaseConnection->query('SELECT COUNT(*)...', Array, false)
#4 C:\xampp\htdocs\framework\system\Model.php(605): CodeIgniter\Database\BaseBuilder->countAllResults(false)
#5 C:\xampp\htdocs\framework\system\BaseModel.php(1188): CodeIgniter\Model->countAllResults(false)
#6 C:\xampp\htdocs\framework\app\Controllers\Film.php(15): CodeIgniter\BaseModel->paginate(4, 'film')
#7 C:\xampp\htdocs\framework\system\CodeIgniter.php(934): APP\Controllers\Film->index()
#8 C:\xampp\htdocs\framework\system\CodeIgniter.php(499): CodeIgniter\CodeIgniter->runController(Object(APP\Controllers\Film))
#9 C:\xampp\htdocs\framework\system\CodeIgniter.php(368): CodeIgniter\CodeIgniter->handleRequest(NULL, Object(Config\Cache), false)
#10 C:\xampp\htdocs\framework\public\index.php(67): CodeIgniter\CodeIgniter->run()
#11 C:\xampp\htdocs\framework\system\Commands\Server\rewrite.php(47): require_once('C:\\xampp\\htdocs...')
#12 {main}
CRITICAL - 2023-02-06 08:27:32 --> Table 'komik.film' doesn't exist
in SYSTEMPATH\Database\BaseConnection.php on line 645.
 1 SYSTEMPATH\Database\BaseBuilder.php(1686): CodeIgniter\Database\BaseConnection->query('SELECT COUNT(*) AS `numrows`
FROM `Film`', [], false)
 2 SYSTEMPATH\Model.php(605): CodeIgniter\Database\BaseBuilder->countAllResults(false)
 3 SYSTEMPATH\BaseModel.php(1188): CodeIgniter\Model->countAllResults(false)
 4 APPPATH\Controllers\Film.php(15): CodeIgniter\BaseModel->paginate(4, 'film')
 5 SYSTEMPATH\CodeIgniter.php(934): APP\Controllers\Film->index()
 6 SYSTEMPATH\CodeIgniter.php(499): CodeIgniter\CodeIgniter->runController(Object(APP\Controllers\Film))
 7 SYSTEMPATH\CodeIgniter.php(368): CodeIgniter\CodeIgniter->handleRequest(null, Object(Config\Cache), false)
 8 FCPATH\index.php(67): CodeIgniter\CodeIgniter->run()
 9 SYSTEMPATH\Commands\Server\rewrite.php(47): require_once('FCPATH\\index.php')
ERROR - 2023-02-06 08:27:46 --> Error connecting to the database: mysqli_sql_exception: Unknown database 'film' in C:\xampp\htdocs\framework\system\Database\MySQLi\Connection.php:174
Stack trace:
#0 C:\xampp\htdocs\framework\system\Database\MySQLi\Connection.php(174): mysqli->real_connect('localhost', 'root', '', 'film', 3306, '', 0)
#1 C:\xampp\htdocs\framework\system\Database\BaseConnection.php(391): CodeIgniter\Database\MySQLi\Connection->connect(false)
#2 C:\xampp\htdocs\framework\system\Database\BaseConnection.php(573): CodeIgniter\Database\BaseConnection->initialize()
#3 C:\xampp\htdocs\framework\system\Database\BaseBuilder.php(1686): CodeIgniter\Database\BaseConnection->query('SELECT COUNT(*)...', Array, false)
#4 C:\xampp\htdocs\framework\system\Model.php(605): CodeIgniter\Database\BaseBuilder->countAllResults(false)
#5 C:\xampp\htdocs\framework\system\BaseModel.php(1188): CodeIgniter\Model->countAllResults(false)
#6 C:\xampp\htdocs\framework\app\Controllers\Film.php(15): CodeIgniter\BaseModel->paginate(4, 'film')
#7 C:\xampp\htdocs\framework\system\CodeIgniter.php(934): APP\Controllers\Film->index()
#8 C:\xampp\htdocs\framework\system\CodeIgniter.php(499): CodeIgniter\CodeIgniter->runController(Object(APP\Controllers\Film))
#9 C:\xampp\htdocs\framework\system\CodeIgniter.php(368): CodeIgniter\CodeIgniter->handleRequest(NULL, Object(Config\Cache), false)
#10 C:\xampp\htdocs\framework\public\index.php(67): CodeIgniter\CodeIgniter->run()
#11 C:\xampp\htdocs\framework\system\Commands\Server\rewrite.php(47): require_once('C:\\xampp\\htdocs...')
#12 {main}

Next CodeIgniter\Database\Exceptions\DatabaseException: Unknown database 'film' in C:\xampp\htdocs\framework\system\Database\MySQLi\Connection.php:218
Stack trace:
#0 C:\xampp\htdocs\framework\system\Database\BaseConnection.php(391): CodeIgniter\Database\MySQLi\Connection->connect(false)
#1 C:\xampp\htdocs\framework\system\Database\BaseConnection.php(573): CodeIgniter\Database\BaseConnection->initialize()
#2 C:\xampp\htdocs\framework\system\Database\BaseBuilder.php(1686): CodeIgniter\Database\BaseConnection->query('SELECT COUNT(*)...', Array, false)
#3 C:\xampp\htdocs\framework\system\Model.php(605): CodeIgniter\Database\BaseBuilder->countAllResults(false)
#4 C:\xampp\htdocs\framework\system\BaseModel.php(1188): CodeIgniter\Model->countAllResults(false)
#5 C:\xampp\htdocs\framework\app\Controllers\Film.php(15): CodeIgniter\BaseModel->paginate(4, 'film')
#6 C:\xampp\htdocs\framework\system\CodeIgniter.php(934): APP\Controllers\Film->index()
#7 C:\xampp\htdocs\framework\system\CodeIgniter.php(499): CodeIgniter\CodeIgniter->runController(Object(APP\Controllers\Film))
#8 C:\xampp\htdocs\framework\system\CodeIgniter.php(368): CodeIgniter\CodeIgniter->handleRequest(NULL, Object(Config\Cache), false)
#9 C:\xampp\htdocs\framework\public\index.php(67): CodeIgniter\CodeIgniter->run()
#10 C:\xampp\htdocs\framework\system\Commands\Server\rewrite.php(47): require_once('C:\\xampp\\htdocs...')
#11 {main}
CRITICAL - 2023-02-06 08:27:46 --> Unable to connect to the database.
Main connection [MySQLi]: Unknown database 'film'
in SYSTEMPATH\Database\BaseConnection.php on line 427.
 1 SYSTEMPATH\Database\BaseConnection.php(573): CodeIgniter\Database\BaseConnection->initialize()
 2 SYSTEMPATH\Database\BaseBuilder.php(1686): CodeIgniter\Database\BaseConnection->query('SELECT COUNT(*) AS `numrows`
FROM `Film`', [], false)
 3 SYSTEMPATH\Model.php(605): CodeIgniter\Database\BaseBuilder->countAllResults(false)
 4 SYSTEMPATH\BaseModel.php(1188): CodeIgniter\Model->countAllResults(false)
 5 APPPATH\Controllers\Film.php(15): CodeIgniter\BaseModel->paginate(4, 'film')
 6 SYSTEMPATH\CodeIgniter.php(934): APP\Controllers\Film->index()
 7 SYSTEMPATH\CodeIgniter.php(499): CodeIgniter\CodeIgniter->runController(Object(APP\Controllers\Film))
 8 SYSTEMPATH\CodeIgniter.php(368): CodeIgniter\CodeIgniter->handleRequest(null, Object(Config\Cache), false)
 9 FCPATH\index.php(67): CodeIgniter\CodeIgniter->run()
10 SYSTEMPATH\Commands\Server\rewrite.php(47): require_once('FCPATH\\index.php')
ERROR - 2023-02-06 08:29:41 --> Error connecting to the database: mysqli_sql_exception: Unknown database 'film' in C:\xampp\htdocs\framework\system\Database\MySQLi\Connection.php:174
Stack trace:
#0 C:\xampp\htdocs\framework\system\Database\MySQLi\Connection.php(174): mysqli->real_connect('localhost', 'root', '', 'film', 3306, '', 0)
#1 C:\xampp\htdocs\framework\system\Database\BaseConnection.php(391): CodeIgniter\Database\MySQLi\Connection->connect(false)
#2 C:\xampp\htdocs\framework\system\Database\BaseConnection.php(573): CodeIgniter\Database\BaseConnection->initialize()
#3 C:\xampp\htdocs\framework\system\Database\BaseBuilder.php(1686): CodeIgniter\Database\BaseConnection->query('SELECT COUNT(*)...', Array, false)
#4 C:\xampp\htdocs\framework\system\Model.php(605): CodeIgniter\Database\BaseBuilder->countAllResults(false)
#5 C:\xampp\htdocs\framework\system\BaseModel.php(1188): CodeIgniter\Model->countAllResults(false)
#6 C:\xampp\htdocs\framework\app\Controllers\Film.php(15): CodeIgniter\BaseModel->paginate(4, 'film')
#7 C:\xampp\htdocs\framework\system\CodeIgniter.php(934): APP\Controllers\Film->index()
#8 C:\xampp\htdocs\framework\system\CodeIgniter.php(499): CodeIgniter\CodeIgniter->runController(Object(APP\Controllers\Film))
#9 C:\xampp\htdocs\framework\system\CodeIgniter.php(368): CodeIgniter\CodeIgniter->handleRequest(NULL, Object(Config\Cache), false)
#10 C:\xampp\htdocs\framework\public\index.php(67): CodeIgniter\CodeIgniter->run()
#11 C:\xampp\htdocs\framework\system\Commands\Server\rewrite.php(47): require_once('C:\\xampp\\htdocs...')
#12 {main}

Next CodeIgniter\Database\Exceptions\DatabaseException: Unknown database 'film' in C:\xampp\htdocs\framework\system\Database\MySQLi\Connection.php:218
Stack trace:
#0 C:\xampp\htdocs\framework\system\Database\BaseConnection.php(391): CodeIgniter\Database\MySQLi\Connection->connect(false)
#1 C:\xampp\htdocs\framework\system\Database\BaseConnection.php(573): CodeIgniter\Database\BaseConnection->initialize()
#2 C:\xampp\htdocs\framework\system\Database\BaseBuilder.php(1686): CodeIgniter\Database\BaseConnection->query('SELECT COUNT(*)...', Array, false)
#3 C:\xampp\htdocs\framework\system\Model.php(605): CodeIgniter\Database\BaseBuilder->countAllResults(false)
#4 C:\xampp\htdocs\framework\system\BaseModel.php(1188): CodeIgniter\Model->countAllResults(false)
#5 C:\xampp\htdocs\framework\app\Controllers\Film.php(15): CodeIgniter\BaseModel->paginate(4, 'film')
#6 C:\xampp\htdocs\framework\system\CodeIgniter.php(934): APP\Controllers\Film->index()
#7 C:\xampp\htdocs\framework\system\CodeIgniter.php(499): CodeIgniter\CodeIgniter->runController(Object(APP\Controllers\Film))
#8 C:\xampp\htdocs\framework\system\CodeIgniter.php(368): CodeIgniter\CodeIgniter->handleRequest(NULL, Object(Config\Cache), false)
#9 C:\xampp\htdocs\framework\public\index.php(67): CodeIgniter\CodeIgniter->run()
#10 C:\xampp\htdocs\framework\system\Commands\Server\rewrite.php(47): require_once('C:\\xampp\\htdocs...')
#11 {main}
CRITICAL - 2023-02-06 08:29:41 --> Unable to connect to the database.
Main connection [MySQLi]: Unknown database 'film'
in SYSTEMPATH\Database\BaseConnection.php on line 427.
 1 SYSTEMPATH\Database\BaseConnection.php(573): CodeIgniter\Database\BaseConnection->initialize()
 2 SYSTEMPATH\Database\BaseBuilder.php(1686): CodeIgniter\Database\BaseConnection->query('SELECT COUNT(*) AS `numrows`
FROM `Film`', [], false)
 3 SYSTEMPATH\Model.php(605): CodeIgniter\Database\BaseBuilder->countAllResults(false)
 4 SYSTEMPATH\BaseModel.php(1188): CodeIgniter\Model->countAllResults(false)
 5 APPPATH\Controllers\Film.php(15): CodeIgniter\BaseModel->paginate(4, 'film')
 6 SYSTEMPATH\CodeIgniter.php(934): APP\Controllers\Film->index()
 7 SYSTEMPATH\CodeIgniter.php(499): CodeIgniter\CodeIgniter->runController(Object(APP\Controllers\Film))
 8 SYSTEMPATH\CodeIgniter.php(368): CodeIgniter\CodeIgniter->handleRequest(null, Object(Config\Cache), false)
 9 FCPATH\index.php(67): CodeIgniter\CodeIgniter->run()
10 SYSTEMPATH\Commands\Server\rewrite.php(47): require_once('FCPATH\\index.php')
ERROR - 2023-02-06 08:29:59 --> Error connecting to the database: mysqli_sql_exception: Unknown database 'film' in C:\xampp\htdocs\framework\system\Database\MySQLi\Connection.php:174
Stack trace:
#0 C:\xampp\htdocs\framework\system\Database\MySQLi\Connection.php(174): mysqli->real_connect('localhost', 'root', '', 'film', 3306, '', 0)
#1 C:\xampp\htdocs\framework\system\Database\BaseConnection.php(391): CodeIgniter\Database\MySQLi\Connection->connect(false)
#2 C:\xampp\htdocs\framework\system\Database\BaseConnection.php(573): CodeIgniter\Database\BaseConnection->initialize()
#3 C:\xampp\htdocs\framework\system\Database\BaseBuilder.php(1686): CodeIgniter\Database\BaseConnection->query('SELECT COUNT(*)...', Array, false)
#4 C:\xampp\htdocs\framework\system\Model.php(605): CodeIgniter\Database\BaseBuilder->countAllResults(false)
#5 C:\xampp\htdocs\framework\system\BaseModel.php(1188): CodeIgniter\Model->countAllResults(false)
#6 C:\xampp\htdocs\framework\app\Controllers\Film.php(15): CodeIgniter\BaseModel->paginate(4, 'film')
#7 C:\xampp\htdocs\framework\system\CodeIgniter.php(934): APP\Controllers\Film->index()
#8 C:\xampp\htdocs\framework\system\CodeIgniter.php(499): CodeIgniter\CodeIgniter->runController(Object(APP\Controllers\Film))
#9 C:\xampp\htdocs\framework\system\CodeIgniter.php(368): CodeIgniter\CodeIgniter->handleRequest(NULL, Object(Config\Cache), false)
#10 C:\xampp\htdocs\framework\public\index.php(67): CodeIgniter\CodeIgniter->run()
#11 C:\xampp\htdocs\framework\system\Commands\Server\rewrite.php(47): require_once('C:\\xampp\\htdocs...')
#12 {main}

Next CodeIgniter\Database\Exceptions\DatabaseException: Unknown database 'film' in C:\xampp\htdocs\framework\system\Database\MySQLi\Connection.php:218
Stack trace:
#0 C:\xampp\htdocs\framework\system\Database\BaseConnection.php(391): CodeIgniter\Database\MySQLi\Connection->connect(false)
#1 C:\xampp\htdocs\framework\system\Database\BaseConnection.php(573): CodeIgniter\Database\BaseConnection->initialize()
#2 C:\xampp\htdocs\framework\system\Database\BaseBuilder.php(1686): CodeIgniter\Database\BaseConnection->query('SELECT COUNT(*)...', Array, false)
#3 C:\xampp\htdocs\framework\system\Model.php(605): CodeIgniter\Database\BaseBuilder->countAllResults(false)
#4 C:\xampp\htdocs\framework\system\BaseModel.php(1188): CodeIgniter\Model->countAllResults(false)
#5 C:\xampp\htdocs\framework\app\Controllers\Film.php(15): CodeIgniter\BaseModel->paginate(4, 'film')
#6 C:\xampp\htdocs\framework\system\CodeIgniter.php(934): APP\Controllers\Film->index()
#7 C:\xampp\htdocs\framework\system\CodeIgniter.php(499): CodeIgniter\CodeIgniter->runController(Object(APP\Controllers\Film))
#8 C:\xampp\htdocs\framework\system\CodeIgniter.php(368): CodeIgniter\CodeIgniter->handleRequest(NULL, Object(Config\Cache), false)
#9 C:\xampp\htdocs\framework\public\index.php(67): CodeIgniter\CodeIgniter->run()
#10 C:\xampp\htdocs\framework\system\Commands\Server\rewrite.php(47): require_once('C:\\xampp\\htdocs...')
#11 {main}
CRITICAL - 2023-02-06 08:29:59 --> Unable to connect to the database.
Main connection [MySQLi]: Unknown database 'film'
in SYSTEMPATH\Database\BaseConnection.php on line 427.
 1 SYSTEMPATH\Database\BaseConnection.php(573): CodeIgniter\Database\BaseConnection->initialize()
 2 SYSTEMPATH\Database\BaseBuilder.php(1686): CodeIgniter\Database\BaseConnection->query('SELECT COUNT(*) AS `numrows`
FROM `Film`', [], false)
 3 SYSTEMPATH\Model.php(605): CodeIgniter\Database\BaseBuilder->countAllResults(false)
 4 SYSTEMPATH\BaseModel.php(1188): CodeIgniter\Model->countAllResults(false)
 5 APPPATH\Controllers\Film.php(15): CodeIgniter\BaseModel->paginate(4, 'film')
 6 SYSTEMPATH\CodeIgniter.php(934): APP\Controllers\Film->index()
 7 SYSTEMPATH\CodeIgniter.php(499): CodeIgniter\CodeIgniter->runController(Object(APP\Controllers\Film))
 8 SYSTEMPATH\CodeIgniter.php(368): CodeIgniter\CodeIgniter->handleRequest(null, Object(Config\Cache), false)
 9 FCPATH\index.php(67): CodeIgniter\CodeIgniter->run()
10 SYSTEMPATH\Commands\Server\rewrite.php(47): require_once('FCPATH\\index.php')
ERROR - 2023-02-06 08:34:05 --> Error connecting to the database: mysqli_sql_exception: Unknown database 'film' in C:\xampp\htdocs\framework\system\Database\MySQLi\Connection.php:174
Stack trace:
#0 C:\xampp\htdocs\framework\system\Database\MySQLi\Connection.php(174): mysqli->real_connect('localhost', 'root', '', 'film', 3306, '', 0)
#1 C:\xampp\htdocs\framework\system\Database\BaseConnection.php(391): CodeIgniter\Database\MySQLi\Connection->connect(false)
#2 C:\xampp\htdocs\framework\system\Database\BaseConnection.php(573): CodeIgniter\Database\BaseConnection->initialize()
#3 C:\xampp\htdocs\framework\system\Database\BaseBuilder.php(1686): CodeIgniter\Database\BaseConnection->query('SELECT COUNT(*)...', Array, false)
#4 C:\xampp\htdocs\framework\system\Model.php(605): CodeIgniter\Database\BaseBuilder->countAllResults(false)
#5 C:\xampp\htdocs\framework\system\BaseModel.php(1188): CodeIgniter\Model->countAllResults(false)
#6 C:\xampp\htdocs\framework\app\Controllers\Film.php(15): CodeIgniter\BaseModel->paginate(4, 'film')
#7 C:\xampp\htdocs\framework\system\CodeIgniter.php(934): APP\Controllers\Film->index()
#8 C:\xampp\htdocs\framework\system\CodeIgniter.php(499): CodeIgniter\CodeIgniter->runController(Object(APP\Controllers\Film))
#9 C:\xampp\htdocs\framework\system\CodeIgniter.php(368): CodeIgniter\CodeIgniter->handleRequest(NULL, Object(Config\Cache), false)
#10 C:\xampp\htdocs\framework\public\index.php(67): CodeIgniter\CodeIgniter->run()
#11 C:\xampp\htdocs\framework\system\Commands\Server\rewrite.php(47): require_once('C:\\xampp\\htdocs...')
#12 {main}

Next CodeIgniter\Database\Exceptions\DatabaseException: Unknown database 'film' in C:\xampp\htdocs\framework\system\Database\MySQLi\Connection.php:218
Stack trace:
#0 C:\xampp\htdocs\framework\system\Database\BaseConnection.php(391): CodeIgniter\Database\MySQLi\Connection->connect(false)
#1 C:\xampp\htdocs\framework\system\Database\BaseConnection.php(573): CodeIgniter\Database\BaseConnection->initialize()
#2 C:\xampp\htdocs\framework\system\Database\BaseBuilder.php(1686): CodeIgniter\Database\BaseConnection->query('SELECT COUNT(*)...', Array, false)
#3 C:\xampp\htdocs\framework\system\Model.php(605): CodeIgniter\Database\BaseBuilder->countAllResults(false)
#4 C:\xampp\htdocs\framework\system\BaseModel.php(1188): CodeIgniter\Model->countAllResults(false)
#5 C:\xampp\htdocs\framework\app\Controllers\Film.php(15): CodeIgniter\BaseModel->paginate(4, 'film')
#6 C:\xampp\htdocs\framework\system\CodeIgniter.php(934): APP\Controllers\Film->index()
#7 C:\xampp\htdocs\framework\system\CodeIgniter.php(499): CodeIgniter\CodeIgniter->runController(Object(APP\Controllers\Film))
#8 C:\xampp\htdocs\framework\system\CodeIgniter.php(368): CodeIgniter\CodeIgniter->handleRequest(NULL, Object(Config\Cache), false)
#9 C:\xampp\htdocs\framework\public\index.php(67): CodeIgniter\CodeIgniter->run()
#10 C:\xampp\htdocs\framework\system\Commands\Server\rewrite.php(47): require_once('C:\\xampp\\htdocs...')
#11 {main}
CRITICAL - 2023-02-06 08:34:05 --> Unable to connect to the database.
Main connection [MySQLi]: Unknown database 'film'
in SYSTEMPATH\Database\BaseConnection.php on line 427.
 1 SYSTEMPATH\Database\BaseConnection.php(573): CodeIgniter\Database\BaseConnection->initialize()
 2 SYSTEMPATH\Database\BaseBuilder.php(1686): CodeIgniter\Database\BaseConnection->query('SELECT COUNT(*) AS `numrows`
FROM `Film`', [], false)
 3 SYSTEMPATH\Model.php(605): CodeIgniter\Database\BaseBuilder->countAllResults(false)
 4 SYSTEMPATH\BaseModel.php(1188): CodeIgniter\Model->countAllResults(false)
 5 APPPATH\Controllers\Film.php(15): CodeIgniter\BaseModel->paginate(4, 'film')
 6 SYSTEMPATH\CodeIgniter.php(934): APP\Controllers\Film->index()
 7 SYSTEMPATH\CodeIgniter.php(499): CodeIgniter\CodeIgniter->runController(Object(APP\Controllers\Film))
 8 SYSTEMPATH\CodeIgniter.php(368): CodeIgniter\CodeIgniter->handleRequest(null, Object(Config\Cache), false)
 9 FCPATH\index.php(67): CodeIgniter\CodeIgniter->run()
10 SYSTEMPATH\Commands\Server\rewrite.php(47): require_once('FCPATH\\index.php')
ERROR - 2023-02-06 08:34:26 --> mysqli_sql_exception: Table 'perfilman.film' doesn't exist in C:\xampp\htdocs\framework\system\Database\MySQLi\Connection.php:295
Stack trace:
#0 C:\xampp\htdocs\framework\system\Database\MySQLi\Connection.php(295): mysqli->query('SELECT COUNT(*)...', 0)
#1 C:\xampp\htdocs\framework\system\Database\BaseConnection.php(691): CodeIgniter\Database\MySQLi\Connection->execute('SELECT COUNT(*)...')
#2 C:\xampp\htdocs\framework\system\Database\BaseConnection.php(605): CodeIgniter\Database\BaseConnection->simpleQuery('SELECT COUNT(*)...')
#3 C:\xampp\htdocs\framework\system\Database\BaseBuilder.php(1686): CodeIgniter\Database\BaseConnection->query('SELECT COUNT(*)...', Array, false)
#4 C:\xampp\htdocs\framework\system\Model.php(605): CodeIgniter\Database\BaseBuilder->countAllResults(false)
#5 C:\xampp\htdocs\framework\system\BaseModel.php(1188): CodeIgniter\Model->countAllResults(false)
#6 C:\xampp\htdocs\framework\app\Controllers\Film.php(15): CodeIgniter\BaseModel->paginate(4, 'film')
#7 C:\xampp\htdocs\framework\system\CodeIgniter.php(934): APP\Controllers\Film->index()
#8 C:\xampp\htdocs\framework\system\CodeIgniter.php(499): CodeIgniter\CodeIgniter->runController(Object(APP\Controllers\Film))
#9 C:\xampp\htdocs\framework\system\CodeIgniter.php(368): CodeIgniter\CodeIgniter->handleRequest(NULL, Object(Config\Cache), false)
#10 C:\xampp\htdocs\framework\public\index.php(67): CodeIgniter\CodeIgniter->run()
#11 C:\xampp\htdocs\framework\system\Commands\Server\rewrite.php(47): require_once('C:\\xampp\\htdocs...')
#12 {main}
CRITICAL - 2023-02-06 08:34:26 --> Table 'perfilman.film' doesn't exist
in SYSTEMPATH\Database\BaseConnection.php on line 645.
 1 SYSTEMPATH\Database\BaseBuilder.php(1686): CodeIgniter\Database\BaseConnection->query('SELECT COUNT(*) AS `numrows`
FROM `Film`', [], false)
 2 SYSTEMPATH\Model.php(605): CodeIgniter\Database\BaseBuilder->countAllResults(false)
 3 SYSTEMPATH\BaseModel.php(1188): CodeIgniter\Model->countAllResults(false)
 4 APPPATH\Controllers\Film.php(15): CodeIgniter\BaseModel->paginate(4, 'film')
 5 SYSTEMPATH\CodeIgniter.php(934): APP\Controllers\Film->index()
 6 SYSTEMPATH\CodeIgniter.php(499): CodeIgniter\CodeIgniter->runController(Object(APP\Controllers\Film))
 7 SYSTEMPATH\CodeIgniter.php(368): CodeIgniter\CodeIgniter->handleRequest(null, Object(Config\Cache), false)
 8 FCPATH\index.php(67): CodeIgniter\CodeIgniter->run()
 9 SYSTEMPATH\Commands\Server\rewrite.php(47): require_once('FCPATH\\index.php')
INFO - 2023-02-06 08:34:46 --> Session: Class initialized using 'CodeIgniter\Session\Handlers\FileHandler' driver.
INFO - 2023-02-06 08:36:06 --> Session: Class initialized using 'CodeIgniter\Session\Handlers\FileHandler' driver.
INFO - 2023-02-06 08:36:30 --> Session: Class initialized using 'CodeIgniter\Session\Handlers\FileHandler' driver.
INFO - 2023-02-06 08:36:41 --> Session: Class initialized using 'CodeIgniter\Session\Handlers\FileHandler' driver.
INFO - 2023-02-06 08:36:49 --> Session: Class initialized using 'CodeIgniter\Session\Handlers\FileHandler' driver.
INFO - 2023-02-06 08:36:51 --> Session: Class initialized using 'CodeIgniter\Session\Handlers\FileHandler' driver.
INFO - 2023-02-06 08:38:53 --> Session: Class initialized using 'CodeIgniter\Session\Handlers\FileHandler' driver.
INFO - 2023-02-06 08:44:22 --> Session: Class initialized using 'CodeIgniter\Session\Handlers\FileHandler' driver.
CRITICAL - 2023-02-06 08:44:22 --> Undefined array key "judul"
in APPPATH\Views\tampilan.php on line 36.
 1 APPPATH\Views\tampilan.php(36): CodeIgniter\Debug\Exceptions->errorHandler(2, 'Undefined array key "judul"', 'APPPATH\\Views\\tampilan.php', 36)
 2 SYSTEMPATH\View\View.php(213): include('APPPATH\\Views\\tampilan.php')
 3 SYSTEMPATH\View\View.php(216): CodeIgniter\View\View->CodeIgniter\View\{closure}()
 4 SYSTEMPATH\Common.php(1177): CodeIgniter\View\View->render('tampilan', [], true)
 5 APPPATH\Controllers\Film.php(17): view('tampilan', [...])
 6 SYSTEMPATH\CodeIgniter.php(934): APP\Controllers\Film->index()
 7 SYSTEMPATH\CodeIgniter.php(499): CodeIgniter\CodeIgniter->runController(Object(APP\Controllers\Film))
 8 SYSTEMPATH\CodeIgniter.php(368): CodeIgniter\CodeIgniter->handleRequest(null, Object(Config\Cache), false)
 9 FCPATH\index.php(67): CodeIgniter\CodeIgniter->run()
10 SYSTEMPATH\Commands\Server\rewrite.php(47): require_once('FCPATH\\index.php')
INFO - 2023-02-06 08:46:41 --> Session: Class initialized using 'CodeIgniter\Session\Handlers\FileHandler' driver.
CRITICAL - 2023-02-06 08:46:41 --> Undefined array key "judul"
in APPPATH\Views\tampilan.php on line 38.
 1 APPPATH\Views\tampilan.php(38): CodeIgniter\Debug\Exceptions->errorHandler(2, 'Undefined array key "judul"', 'APPPATH\\Views\\tampilan.php', 38)
 2 SYSTEMPATH\View\View.php(213): include('APPPATH\\Views\\tampilan.php')
 3 SYSTEMPATH\View\View.php(216): CodeIgniter\View\View->CodeIgniter\View\{closure}()
 4 SYSTEMPATH\Common.php(1177): CodeIgniter\View\View->render('tampilan', [], true)
 5 APPPATH\Controllers\Film.php(17): view('tampilan', [...])
 6 SYSTEMPATH\CodeIgniter.php(934): APP\Controllers\Film->index()
 7 SYSTEMPATH\CodeIgniter.php(499): CodeIgniter\CodeIgniter->runController(Object(APP\Controllers\Film))
 8 SYSTEMPATH\CodeIgniter.php(368): CodeIgniter\CodeIgniter->handleRequest(null, Object(Config\Cache), false)
 9 FCPATH\index.php(67): CodeIgniter\CodeIgniter->run()
10 SYSTEMPATH\Commands\Server\rewrite.php(47): require_once('FCPATH\\index.php')
INFO - 2023-02-06 08:46:43 --> Session: Class initialized using 'CodeIgniter\Session\Handlers\FileHandler' driver.
CRITICAL - 2023-02-06 08:46:43 --> Undefined array key "judul"
in APPPATH\Views\tampilan.php on line 38.
 1 APPPATH\Views\tampilan.php(38): CodeIgniter\Debug\Exceptions->errorHandler(2, 'Undefined array key "judul"', 'APPPATH\\Views\\tampilan.php', 38)
 2 SYSTEMPATH\View\View.php(213): include('APPPATH\\Views\\tampilan.php')
 3 SYSTEMPATH\View\View.php(216): CodeIgniter\View\View->CodeIgniter\View\{closure}()
 4 SYSTEMPATH\Common.php(1177): CodeIgniter\View\View->render('tampilan', [], true)
 5 APPPATH\Controllers\Film.php(17): view('tampilan', [...])
 6 SYSTEMPATH\CodeIgniter.php(934): APP\Controllers\Film->index()
 7 SYSTEMPATH\CodeIgniter.php(499): CodeIgniter\CodeIgniter->runController(Object(APP\Controllers\Film))
 8 SYSTEMPATH\CodeIgniter.php(368): CodeIgniter\CodeIgniter->handleRequest(null, Object(Config\Cache), false)
 9 FCPATH\index.php(67): CodeIgniter\CodeIgniter->run()
10 SYSTEMPATH\Commands\Server\rewrite.php(47): require_once('FCPATH\\index.php')
INFO - 2023-02-06 08:47:06 --> Session: Class initialized using 'CodeIgniter\Session\Handlers\FileHandler' driver.
CRITICAL - 2023-02-06 08:47:06 --> Undefined array key "judul"
in APPPATH\Views\tampilan.php on line 38.
 1 APPPATH\Views\tampilan.php(38): CodeIgniter\Debug\Exceptions->errorHandler(2, 'Undefined array key "judul"', 'APPPATH\\Views\\tampilan.php', 38)
 2 SYSTEMPATH\View\View.php(213): include('APPPATH\\Views\\tampilan.php')
 3 SYSTEMPATH\View\View.php(216): CodeIgniter\View\View->CodeIgniter\View\{closure}()
 4 SYSTEMPATH\Common.php(1177): CodeIgniter\View\View->render('tampilan', [], true)
 5 APPPATH\Controllers\Film.php(17): view('tampilan', [...])
 6 SYSTEMPATH\CodeIgniter.php(934): APP\Controllers\Film->index()
 7 SYSTEMPATH\CodeIgniter.php(499): CodeIgniter\CodeIgniter->runController(Object(APP\Controllers\Film))
 8 SYSTEMPATH\CodeIgniter.php(368): CodeIgniter\CodeIgniter->handleRequest(null, Object(Config\Cache), false)
 9 FCPATH\index.php(67): CodeIgniter\CodeIgniter->run()
10 SYSTEMPATH\Commands\Server\rewrite.php(47): require_once('FCPATH\\index.php')
INFO - 2023-02-06 08:47:07 --> Session: Class initialized using 'CodeIgniter\Session\Handlers\FileHandler' driver.
CRITICAL - 2023-02-06 08:47:07 --> Undefined array key "judul"
in APPPATH\Views\tampilan.php on line 38.
 1 APPPATH\Views\tampilan.php(38): CodeIgniter\Debug\Exceptions->errorHandler(2, 'Undefined array key "judul"', 'APPPATH\\Views\\tampilan.php', 38)
 2 SYSTEMPATH\View\View.php(213): include('APPPATH\\Views\\tampilan.php')
 3 SYSTEMPATH\View\View.php(216): CodeIgniter\View\View->CodeIgniter\View\{closure}()
 4 SYSTEMPATH\Common.php(1177): CodeIgniter\View\View->render('tampilan', [], true)
 5 APPPATH\Controllers\Film.php(17): view('tampilan', [...])
 6 SYSTEMPATH\CodeIgniter.php(934): APP\Controllers\Film->index()
 7 SYSTEMPATH\CodeIgniter.php(499): CodeIgniter\CodeIgniter->runController(Object(APP\Controllers\Film))
 8 SYSTEMPATH\CodeIgniter.php(368): CodeIgniter\CodeIgniter->handleRequest(null, Object(Config\Cache), false)
 9 FCPATH\index.php(67): CodeIgniter\CodeIgniter->run()
10 SYSTEMPATH\Commands\Server\rewrite.php(47): require_once('FCPATH\\index.php')
INFO - 2023-02-06 08:47:20 --> Session: Class initialized using 'CodeIgniter\Session\Handlers\FileHandler' driver.
CRITICAL - 2023-02-06 08:47:20 --> Undefined array key "judul"
in APPPATH\Views\tampilan.php on line 38.
 1 APPPATH\Views\tampilan.php(38): CodeIgniter\Debug\Exceptions->errorHandler(2, 'Undefined array key "judul"', 'APPPATH\\Views\\tampilan.php', 38)
 2 SYSTEMPATH\View\View.php(213): include('APPPATH\\Views\\tampilan.php')
 3 SYSTEMPATH\View\View.php(216): CodeIgniter\View\View->CodeIgniter\View\{closure}()
 4 SYSTEMPATH\Common.php(1177): CodeIgniter\View\View->render('tampilan', [], true)
 5 APPPATH\Controllers\Film.php(17): view('tampilan', [...])
 6 SYSTEMPATH\CodeIgniter.php(934): APP\Controllers\Film->index()
 7 SYSTEMPATH\CodeIgniter.php(499): CodeIgniter\CodeIgniter->runController(Object(APP\Controllers\Film))
 8 SYSTEMPATH\CodeIgniter.php(368): CodeIgniter\CodeIgniter->handleRequest(null, Object(Config\Cache), false)
 9 FCPATH\index.php(67): CodeIgniter\CodeIgniter->run()
10 SYSTEMPATH\Commands\Server\rewrite.php(47): require_once('FCPATH\\index.php')
INFO - 2023-02-06 08:47:21 --> Session: Class initialized using 'CodeIgniter\Session\Handlers\FileHandler' driver.
CRITICAL - 2023-02-06 08:47:21 --> Undefined array key "judul"
in APPPATH\Views\tampilan.php on line 38.
 1 APPPATH\Views\tampilan.php(38): CodeIgniter\Debug\Exceptions->errorHandler(2, 'Undefined array key "judul"', 'APPPATH\\Views\\tampilan.php', 38)
 2 SYSTEMPATH\View\View.php(213): include('APPPATH\\Views\\tampilan.php')
 3 SYSTEMPATH\View\View.php(216): CodeIgniter\View\View->CodeIgniter\View\{closure}()
 4 SYSTEMPATH\Common.php(1177): CodeIgniter\View\View->render('tampilan', [], true)
 5 APPPATH\Controllers\Film.php(17): view('tampilan', [...])
 6 SYSTEMPATH\CodeIgniter.php(934): APP\Controllers\Film->index()
 7 SYSTEMPATH\CodeIgniter.php(499): CodeIgniter\CodeIgniter->runController(Object(APP\Controllers\Film))
 8 SYSTEMPATH\CodeIgniter.php(368): CodeIgniter\CodeIgniter->handleRequest(null, Object(Config\Cache), false)
 9 FCPATH\index.php(67): CodeIgniter\CodeIgniter->run()
10 SYSTEMPATH\Commands\Server\rewrite.php(47): require_once('FCPATH\\index.php')
INFO - 2023-02-06 08:47:22 --> Session: Class initialized using 'CodeIgniter\Session\Handlers\FileHandler' driver.
CRITICAL - 2023-02-06 08:47:22 --> Undefined array key "judul"
in APPPATH\Views\tampilan.php on line 38.
 1 APPPATH\Views\tampilan.php(38): CodeIgniter\Debug\Exceptions->errorHandler(2, 'Undefined array key "judul"', 'APPPATH\\Views\\tampilan.php', 38)
 2 SYSTEMPATH\View\View.php(213): include('APPPATH\\Views\\tampilan.php')
 3 SYSTEMPATH\View\View.php(216): CodeIgniter\View\View->CodeIgniter\View\{closure}()
 4 SYSTEMPATH\Common.php(1177): CodeIgniter\View\View->render('tampilan', [], true)
 5 APPPATH\Controllers\Film.php(17): view('tampilan', [...])
 6 SYSTEMPATH\CodeIgniter.php(934): APP\Controllers\Film->index()
 7 SYSTEMPATH\CodeIgniter.php(499): CodeIgniter\CodeIgniter->runController(Object(APP\Controllers\Film))
 8 SYSTEMPATH\CodeIgniter.php(368): CodeIgniter\CodeIgniter->handleRequest(null, Object(Config\Cache), false)
 9 FCPATH\index.php(67): CodeIgniter\CodeIgniter->run()
10 SYSTEMPATH\Commands\Server\rewrite.php(47): require_once('FCPATH\\index.php')
INFO - 2023-02-06 08:48:08 --> Session: Class initialized using 'CodeIgniter\Session\Handlers\FileHandler' driver.
CRITICAL - 2023-02-06 08:48:08 --> Trying to access array offset on value of type int
in APPPATH\Views\tampilan.php on line 38.
 1 APPPATH\Views\tampilan.php(38): CodeIgniter\Debug\Exceptions->errorHandler(2, 'Trying to access array offset on value of type int', 'APPPATH\\Views\\tampilan.php', 38)
 2 SYSTEMPATH\View\View.php(213): include('APPPATH\\Views\\tampilan.php')
 3 SYSTEMPATH\View\View.php(216): CodeIgniter\View\View->CodeIgniter\View\{closure}()
 4 SYSTEMPATH\Common.php(1177): CodeIgniter\View\View->render('tampilan', [], true)
 5 APPPATH\Controllers\Film.php(17): view('tampilan', [...])
 6 SYSTEMPATH\CodeIgniter.php(934): APP\Controllers\Film->index()
 7 SYSTEMPATH\CodeIgniter.php(499): CodeIgniter\CodeIgniter->runController(Object(APP\Controllers\Film))
 8 SYSTEMPATH\CodeIgniter.php(368): CodeIgniter\CodeIgniter->handleRequest(null, Object(Config\Cache), false)
 9 FCPATH\index.php(67): CodeIgniter\CodeIgniter->run()
10 SYSTEMPATH\Commands\Server\rewrite.php(47): require_once('FCPATH\\index.php')
INFO - 2023-02-06 08:48:09 --> Session: Class initialized using 'CodeIgniter\Session\Handlers\FileHandler' driver.
CRITICAL - 2023-02-06 08:48:09 --> Trying to access array offset on value of type int
in APPPATH\Views\tampilan.php on line 38.
 1 APPPATH\Views\tampilan.php(38): CodeIgniter\Debug\Exceptions->errorHandler(2, 'Trying to access array offset on value of type int', 'APPPATH\\Views\\tampilan.php', 38)
 2 SYSTEMPATH\View\View.php(213): include('APPPATH\\Views\\tampilan.php')
 3 SYSTEMPATH\View\View.php(216): CodeIgniter\View\View->CodeIgniter\View\{closure}()
 4 SYSTEMPATH\Common.php(1177): CodeIgniter\View\View->render('tampilan', [], true)
 5 APPPATH\Controllers\Film.php(17): view('tampilan', [...])
 6 SYSTEMPATH\CodeIgniter.php(934): APP\Controllers\Film->index()
 7 SYSTEMPATH\CodeIgniter.php(499): CodeIgniter\CodeIgniter->runController(Object(APP\Controllers\Film))
 8 SYSTEMPATH\CodeIgniter.php(368): CodeIgniter\CodeIgniter->handleRequest(null, Object(Config\Cache), false)
 9 FCPATH\index.php(67): CodeIgniter\CodeIgniter->run()
10 SYSTEMPATH\Commands\Server\rewrite.php(47): require_once('FCPATH\\index.php')
INFO - 2023-02-06 08:48:11 --> Session: Class initialized using 'CodeIgniter\Session\Handlers\FileHandler' driver.
CRITICAL - 2023-02-06 08:48:11 --> Trying to access array offset on value of type int
in APPPATH\Views\tampilan.php on line 38.
 1 APPPATH\Views\tampilan.php(38): CodeIgniter\Debug\Exceptions->errorHandler(2, 'Trying to access array offset on value of type int', 'APPPATH\\Views\\tampilan.php', 38)
 2 SYSTEMPATH\View\View.php(213): include('APPPATH\\Views\\tampilan.php')
 3 SYSTEMPATH\View\View.php(216): CodeIgniter\View\View->CodeIgniter\View\{closure}()
 4 SYSTEMPATH\Common.php(1177): CodeIgniter\View\View->render('tampilan', [], true)
 5 APPPATH\Controllers\Film.php(17): view('tampilan', [...])
 6 SYSTEMPATH\CodeIgniter.php(934): APP\Controllers\Film->index()
 7 SYSTEMPATH\CodeIgniter.php(499): CodeIgniter\CodeIgniter->runController(Object(APP\Controllers\Film))
 8 SYSTEMPATH\CodeIgniter.php(368): CodeIgniter\CodeIgniter->handleRequest(null, Object(Config\Cache), false)
 9 FCPATH\index.php(67): CodeIgniter\CodeIgniter->run()
10 SYSTEMPATH\Commands\Server\rewrite.php(47): require_once('FCPATH\\index.php')
INFO - 2023-02-06 08:48:24 --> Session: Class initialized using 'CodeIgniter\Session\Handlers\FileHandler' driver.
CRITICAL - 2023-02-06 08:48:24 --> Trying to access array offset on value of type int
in APPPATH\Views\tampilan.php on line 38.
 1 APPPATH\Views\tampilan.php(38): CodeIgniter\Debug\Exceptions->errorHandler(2, 'Trying to access array offset on value of type int', 'APPPATH\\Views\\tampilan.php', 38)
 2 SYSTEMPATH\View\View.php(213): include('APPPATH\\Views\\tampilan.php')
 3 SYSTEMPATH\View\View.php(216): CodeIgniter\View\View->CodeIgniter\View\{closure}()
 4 SYSTEMPATH\Common.php(1177): CodeIgniter\View\View->render('tampilan', [], true)
 5 APPPATH\Controllers\Film.php(17): view('tampilan', [...])
 6 SYSTEMPATH\CodeIgniter.php(934): APP\Controllers\Film->index()
 7 SYSTEMPATH\CodeIgniter.php(499): CodeIgniter\CodeIgniter->runController(Object(APP\Controllers\Film))
 8 SYSTEMPATH\CodeIgniter.php(368): CodeIgniter\CodeIgniter->handleRequest(null, Object(Config\Cache), false)
 9 FCPATH\index.php(67): CodeIgniter\CodeIgniter->run()
10 SYSTEMPATH\Commands\Server\rewrite.php(47): require_once('FCPATH\\index.php')
INFO - 2023-02-06 08:48:25 --> Session: Class initialized using 'CodeIgniter\Session\Handlers\FileHandler' driver.
CRITICAL - 2023-02-06 08:48:25 --> Trying to access array offset on value of type int
in APPPATH\Views\tampilan.php on line 38.
 1 APPPATH\Views\tampilan.php(38): CodeIgniter\Debug\Exceptions->errorHandler(2, 'Trying to access array offset on value of type int', 'APPPATH\\Views\\tampilan.php', 38)
 2 SYSTEMPATH\View\View.php(213): include('APPPATH\\Views\\tampilan.php')
 3 SYSTEMPATH\View\View.php(216): CodeIgniter\View\View->CodeIgniter\View\{closure}()
 4 SYSTEMPATH\Common.php(1177): CodeIgniter\View\View->render('tampilan', [], true)
 5 APPPATH\Controllers\Film.php(17): view('tampilan', [...])
 6 SYSTEMPATH\CodeIgniter.php(934): APP\Controllers\Film->index()
 7 SYSTEMPATH\CodeIgniter.php(499): CodeIgniter\CodeIgniter->runController(Object(APP\Controllers\Film))
 8 SYSTEMPATH\CodeIgniter.php(368): CodeIgniter\CodeIgniter->handleRequest(null, Object(Config\Cache), false)
 9 FCPATH\index.php(67): CodeIgniter\CodeIgniter->run()
10 SYSTEMPATH\Commands\Server\rewrite.php(47): require_once('FCPATH\\index.php')
INFO - 2023-02-06 08:50:15 --> Session: Class initialized using 'CodeIgniter\Session\Handlers\FileHandler' driver.
CRITICAL - 2023-02-06 08:50:15 --> Trying to access array offset on value of type int
in APPPATH\Views\tampilan.php on line 38.
 1 APPPATH\Views\tampilan.php(38): CodeIgniter\Debug\Exceptions->errorHandler(2, 'Trying to access array offset on value of type int', 'APPPATH\\Views\\tampilan.php', 38)
 2 SYSTEMPATH\View\View.php(213): include('APPPATH\\Views\\tampilan.php')
 3 SYSTEMPATH\View\View.php(216): CodeIgniter\View\View->CodeIgniter\View\{closure}()
 4 SYSTEMPATH\Common.php(1177): CodeIgniter\View\View->render('tampilan', [], true)
 5 APPPATH\Controllers\Film.php(17): view('tampilan', [...])
 6 SYSTEMPATH\CodeIgniter.php(934): APP\Controllers\Film->index()
 7 SYSTEMPATH\CodeIgniter.php(499): CodeIgniter\CodeIgniter->runController(Object(APP\Controllers\Film))
 8 SYSTEMPATH\CodeIgniter.php(368): CodeIgniter\CodeIgniter->handleRequest(null, Object(Config\Cache), false)
 9 FCPATH\index.php(67): CodeIgniter\CodeIgniter->run()
10 SYSTEMPATH\Commands\Server\rewrite.php(47): require_once('FCPATH\\index.php')
INFO - 2023-02-06 08:50:27 --> Session: Class initialized using 'CodeIgniter\Session\Handlers\FileHandler' driver.
CRITICAL - 2023-02-06 08:50:27 --> Trying to access array offset on value of type int
in APPPATH\Views\tampilan.php on line 38.
 1 APPPATH\Views\tampilan.php(38): CodeIgniter\Debug\Exceptions->errorHandler(2, 'Trying to access array offset on value of type int', 'APPPATH\\Views\\tampilan.php', 38)
 2 SYSTEMPATH\View\View.php(213): include('APPPATH\\Views\\tampilan.php')
 3 SYSTEMPATH\View\View.php(216): CodeIgniter\View\View->CodeIgniter\View\{closure}()
 4 SYSTEMPATH\Common.php(1177): CodeIgniter\View\View->render('tampilan', [], true)
 5 APPPATH\Controllers\Film.php(17): view('tampilan', [...])
 6 SYSTEMPATH\CodeIgniter.php(934): APP\Controllers\Film->index()
 7 SYSTEMPATH\CodeIgniter.php(499): CodeIgniter\CodeIgniter->runController(Object(APP\Controllers\Film))
 8 SYSTEMPATH\CodeIgniter.php(368): CodeIgniter\CodeIgniter->handleRequest(null, Object(Config\Cache), false)
 9 FCPATH\index.php(67): CodeIgniter\CodeIgniter->run()
10 SYSTEMPATH\Commands\Server\rewrite.php(47): require_once('FCPATH\\index.php')
INFO - 2023-02-06 08:50:57 --> Session: Class initialized using 'CodeIgniter\Session\Handlers\FileHandler' driver.
CRITICAL - 2023-02-06 08:50:57 --> Trying to access array offset on value of type int
in APPPATH\Views\tampilan.php on line 38.
 1 APPPATH\Views\tampilan.php(38): CodeIgniter\Debug\Exceptions->errorHandler(2, 'Trying to access array offset on value of type int', 'APPPATH\\Views\\tampilan.php', 38)
 2 SYSTEMPATH\View\View.php(213): include('APPPATH\\Views\\tampilan.php')
 3 SYSTEMPATH\View\View.php(216): CodeIgniter\View\View->CodeIgniter\View\{closure}()
 4 SYSTEMPATH\Common.php(1177): CodeIgniter\View\View->render('tampilan', [], true)
 5 APPPATH\Controllers\Film.php(17): view('tampilan', [...])
 6 SYSTEMPATH\CodeIgniter.php(934): APP\Controllers\Film->index()
 7 SYSTEMPATH\CodeIgniter.php(499): CodeIgniter\CodeIgniter->runController(Object(APP\Controllers\Film))
 8 SYSTEMPATH\CodeIgniter.php(368): CodeIgniter\CodeIgniter->handleRequest(null, Object(Config\Cache), false)
 9 FCPATH\index.php(67): CodeIgniter\CodeIgniter->run()
10 SYSTEMPATH\Commands\Server\rewrite.php(47): require_once('FCPATH\\index.php')
INFO - 2023-02-06 08:50:58 --> Session: Class initialized using 'CodeIgniter\Session\Handlers\FileHandler' driver.
CRITICAL - 2023-02-06 08:50:58 --> Trying to access array offset on value of type int
in APPPATH\Views\tampilan.php on line 38.
 1 APPPATH\Views\tampilan.php(38): CodeIgniter\Debug\Exceptions->errorHandler(2, 'Trying to access array offset on value of type int', 'APPPATH\\Views\\tampilan.php', 38)
 2 SYSTEMPATH\View\View.php(213): include('APPPATH\\Views\\tampilan.php')
 3 SYSTEMPATH\View\View.php(216): CodeIgniter\View\View->CodeIgniter\View\{closure}()
 4 SYSTEMPATH\Common.php(1177): CodeIgniter\View\View->render('tampilan', [], true)
 5 APPPATH\Controllers\Film.php(17): view('tampilan', [...])
 6 SYSTEMPATH\CodeIgniter.php(934): APP\Controllers\Film->index()
 7 SYSTEMPATH\CodeIgniter.php(499): CodeIgniter\CodeIgniter->runController(Object(APP\Controllers\Film))
 8 SYSTEMPATH\CodeIgniter.php(368): CodeIgniter\CodeIgniter->handleRequest(null, Object(Config\Cache), false)
 9 FCPATH\index.php(67): CodeIgniter\CodeIgniter->run()
10 SYSTEMPATH\Commands\Server\rewrite.php(47): require_once('FCPATH\\index.php')
INFO - 2023-02-06 08:51:00 --> Session: Class initialized using 'CodeIgniter\Session\Handlers\FileHandler' driver.
CRITICAL - 2023-02-06 08:51:00 --> Trying to access array offset on value of type int
in APPPATH\Views\tampilan.php on line 38.
 1 APPPATH\Views\tampilan.php(38): CodeIgniter\Debug\Exceptions->errorHandler(2, 'Trying to access array offset on value of type int', 'APPPATH\\Views\\tampilan.php', 38)
 2 SYSTEMPATH\View\View.php(213): include('APPPATH\\Views\\tampilan.php')
 3 SYSTEMPATH\View\View.php(216): CodeIgniter\View\View->CodeIgniter\View\{closure}()
 4 SYSTEMPATH\Common.php(1177): CodeIgniter\View\View->render('tampilan', [], true)
 5 APPPATH\Controllers\Film.php(17): view('tampilan', [...])
 6 SYSTEMPATH\CodeIgniter.php(934): APP\Controllers\Film->index()
 7 SYSTEMPATH\CodeIgniter.php(499): CodeIgniter\CodeIgniter->runController(Object(APP\Controllers\Film))
 8 SYSTEMPATH\CodeIgniter.php(368): CodeIgniter\CodeIgniter->handleRequest(null, Object(Config\Cache), false)
 9 FCPATH\index.php(67): CodeIgniter\CodeIgniter->run()
10 SYSTEMPATH\Commands\Server\rewrite.php(47): require_once('FCPATH\\index.php')
INFO - 2023-02-06 08:51:01 --> Session: Class initialized using 'CodeIgniter\Session\Handlers\FileHandler' driver.
CRITICAL - 2023-02-06 08:51:01 --> Trying to access array offset on value of type int
in APPPATH\Views\tampilan.php on line 38.
 1 APPPATH\Views\tampilan.php(38): CodeIgniter\Debug\Exceptions->errorHandler(2, 'Trying to access array offset on value of type int', 'APPPATH\\Views\\tampilan.php', 38)
 2 SYSTEMPATH\View\View.php(213): include('APPPATH\\Views\\tampilan.php')
 3 SYSTEMPATH\View\View.php(216): CodeIgniter\View\View->CodeIgniter\View\{closure}()
 4 SYSTEMPATH\Common.php(1177): CodeIgniter\View\View->render('tampilan', [], true)
 5 APPPATH\Controllers\Film.php(17): view('tampilan', [...])
 6 SYSTEMPATH\CodeIgniter.php(934): APP\Controllers\Film->index()
 7 SYSTEMPATH\CodeIgniter.php(499): CodeIgniter\CodeIgniter->runController(Object(APP\Controllers\Film))
 8 SYSTEMPATH\CodeIgniter.php(368): CodeIgniter\CodeIgniter->handleRequest(null, Object(Config\Cache), false)
 9 FCPATH\index.php(67): CodeIgniter\CodeIgniter->run()
10 SYSTEMPATH\Commands\Server\rewrite.php(47): require_once('FCPATH\\index.php')
INFO - 2023-02-06 08:51:23 --> Session: Class initialized using 'CodeIgniter\Session\Handlers\FileHandler' driver.
CRITICAL - 2023-02-06 08:51:23 --> Trying to access array offset on value of type int
in APPPATH\Views\tampilan.php on line 38.
 1 APPPATH\Views\tampilan.php(38): CodeIgniter\Debug\Exceptions->errorHandler(2, 'Trying to access array offset on value of type int', 'APPPATH\\Views\\tampilan.php', 38)
 2 SYSTEMPATH\View\View.php(213): include('APPPATH\\Views\\tampilan.php')
 3 SYSTEMPATH\View\View.php(216): CodeIgniter\View\View->CodeIgniter\View\{closure}()
 4 SYSTEMPATH\Common.php(1177): CodeIgniter\View\View->render('tampilan', [], true)
 5 APPPATH\Controllers\Film.php(17): view('tampilan', [...])
 6 SYSTEMPATH\CodeIgniter.php(934): APP\Controllers\Film->index()
 7 SYSTEMPATH\CodeIgniter.php(499): CodeIgniter\CodeIgniter->runController(Object(APP\Controllers\Film))
 8 SYSTEMPATH\CodeIgniter.php(368): CodeIgniter\CodeIgniter->handleRequest(null, Object(Config\Cache), false)
 9 FCPATH\index.php(67): CodeIgniter\CodeIgniter->run()
10 SYSTEMPATH\Commands\Server\rewrite.php(47): require_once('FCPATH\\index.php')
INFO - 2023-02-06 08:51:24 --> Session: Class initialized using 'CodeIgniter\Session\Handlers\FileHandler' driver.
CRITICAL - 2023-02-06 08:51:24 --> Trying to access array offset on value of type int
in APPPATH\Views\tampilan.php on line 38.
 1 APPPATH\Views\tampilan.php(38): CodeIgniter\Debug\Exceptions->errorHandler(2, 'Trying to access array offset on value of type int', 'APPPATH\\Views\\tampilan.php', 38)
 2 SYSTEMPATH\View\View.php(213): include('APPPATH\\Views\\tampilan.php')
 3 SYSTEMPATH\View\View.php(216): CodeIgniter\View\View->CodeIgniter\View\{closure}()
 4 SYSTEMPATH\Common.php(1177): CodeIgniter\View\View->render('tampilan', [], true)
 5 APPPATH\Controllers\Film.php(17): view('tampilan', [...])
 6 SYSTEMPATH\CodeIgniter.php(934): APP\Controllers\Film->index()
 7 SYSTEMPATH\CodeIgniter.php(499): CodeIgniter\CodeIgniter->runController(Object(APP\Controllers\Film))
 8 SYSTEMPATH\CodeIgniter.php(368): CodeIgniter\CodeIgniter->handleRequest(null, Object(Config\Cache), false)
 9 FCPATH\index.php(67): CodeIgniter\CodeIgniter->run()
10 SYSTEMPATH\Commands\Server\rewrite.php(47): require_once('FCPATH\\index.php')
INFO - 2023-02-06 08:52:11 --> Session: Class initialized using 'CodeIgniter\Session\Handlers\FileHandler' driver.
CRITICAL - 2023-02-06 08:52:11 --> Trying to access array offset on value of type int
in APPPATH\Views\tampilan.php on line 38.
 1 APPPATH\Views\tampilan.php(38): CodeIgniter\Debug\Exceptions->errorHandler(2, 'Trying to access array offset on value of type int', 'APPPATH\\Views\\tampilan.php', 38)
 2 SYSTEMPATH\View\View.php(213): include('APPPATH\\Views\\tampilan.php')
 3 SYSTEMPATH\View\View.php(216): CodeIgniter\View\View->CodeIgniter\View\{closure}()
 4 SYSTEMPATH\Common.php(1177): CodeIgniter\View\View->render('tampilan', [], true)
 5 APPPATH\Controllers\Film.php(17): view('tampilan', [...])
 6 SYSTEMPATH\CodeIgniter.php(934): APP\Controllers\Film->index()
 7 SYSTEMPATH\CodeIgniter.php(499): CodeIgniter\CodeIgniter->runController(Object(APP\Controllers\Film))
 8 SYSTEMPATH\CodeIgniter.php(368): CodeIgniter\CodeIgniter->handleRequest(null, Object(Config\Cache), false)
 9 FCPATH\index.php(67): CodeIgniter\CodeIgniter->run()
10 SYSTEMPATH\Commands\Server\rewrite.php(47): require_once('FCPATH\\index.php')
INFO - 2023-02-06 08:52:12 --> Session: Class initialized using 'CodeIgniter\Session\Handlers\FileHandler' driver.
CRITICAL - 2023-02-06 08:52:12 --> Trying to access array offset on value of type int
in APPPATH\Views\tampilan.php on line 38.
 1 APPPATH\Views\tampilan.php(38): CodeIgniter\Debug\Exceptions->errorHandler(2, 'Trying to access array offset on value of type int', 'APPPATH\\Views\\tampilan.php', 38)
 2 SYSTEMPATH\View\View.php(213): include('APPPATH\\Views\\tampilan.php')
 3 SYSTEMPATH\View\View.php(216): CodeIgniter\View\View->CodeIgniter\View\{closure}()
 4 SYSTEMPATH\Common.php(1177): CodeIgniter\View\View->render('tampilan', [], true)
 5 APPPATH\Controllers\Film.php(17): view('tampilan', [...])
 6 SYSTEMPATH\CodeIgniter.php(934): APP\Controllers\Film->index()
 7 SYSTEMPATH\CodeIgniter.php(499): CodeIgniter\CodeIgniter->runController(Object(APP\Controllers\Film))
 8 SYSTEMPATH\CodeIgniter.php(368): CodeIgniter\CodeIgniter->handleRequest(null, Object(Config\Cache), false)
 9 FCPATH\index.php(67): CodeIgniter\CodeIgniter->run()
10 SYSTEMPATH\Commands\Server\rewrite.php(47): require_once('FCPATH\\index.php')
INFO - 2023-02-06 08:52:12 --> Session: Class initialized using 'CodeIgniter\Session\Handlers\FileHandler' driver.
CRITICAL - 2023-02-06 08:52:12 --> Trying to access array offset on value of type int
in APPPATH\Views\tampilan.php on line 38.
 1 APPPATH\Views\tampilan.php(38): CodeIgniter\Debug\Exceptions->errorHandler(2, 'Trying to access array offset on value of type int', 'APPPATH\\Views\\tampilan.php', 38)
 2 SYSTEMPATH\View\View.php(213): include('APPPATH\\Views\\tampilan.php')
 3 SYSTEMPATH\View\View.php(216): CodeIgniter\View\View->CodeIgniter\View\{closure}()
 4 SYSTEMPATH\Common.php(1177): CodeIgniter\View\View->render('tampilan', [], true)
 5 APPPATH\Controllers\Film.php(17): view('tampilan', [...])
 6 SYSTEMPATH\CodeIgniter.php(934): APP\Controllers\Film->index()
 7 SYSTEMPATH\CodeIgniter.php(499): CodeIgniter\CodeIgniter->runController(Object(APP\Controllers\Film))
 8 SYSTEMPATH\CodeIgniter.php(368): CodeIgniter\CodeIgniter->handleRequest(null, Object(Config\Cache), false)
 9 FCPATH\index.php(67): CodeIgniter\CodeIgniter->run()
10 SYSTEMPATH\Commands\Server\rewrite.php(47): require_once('FCPATH\\index.php')
INFO - 2023-02-06 08:52:12 --> Session: Class initialized using 'CodeIgniter\Session\Handlers\FileHandler' driver.
CRITICAL - 2023-02-06 08:52:12 --> Trying to access array offset on value of type int
in APPPATH\Views\tampilan.php on line 38.
 1 APPPATH\Views\tampilan.php(38): CodeIgniter\Debug\Exceptions->errorHandler(2, 'Trying to access array offset on value of type int', 'APPPATH\\Views\\tampilan.php', 38)
 2 SYSTEMPATH\View\View.php(213): include('APPPATH\\Views\\tampilan.php')
 3 SYSTEMPATH\View\View.php(216): CodeIgniter\View\View->CodeIgniter\View\{closure}()
 4 SYSTEMPATH\Common.php(1177): CodeIgniter\View\View->render('tampilan', [], true)
 5 APPPATH\Controllers\Film.php(17): view('tampilan', [...])
 6 SYSTEMPATH\CodeIgniter.php(934): APP\Controllers\Film->index()
 7 SYSTEMPATH\CodeIgniter.php(499): CodeIgniter\CodeIgniter->runController(Object(APP\Controllers\Film))
 8 SYSTEMPATH\CodeIgniter.php(368): CodeIgniter\CodeIgniter->handleRequest(null, Object(Config\Cache), false)
 9 FCPATH\index.php(67): CodeIgniter\CodeIgniter->run()
10 SYSTEMPATH\Commands\Server\rewrite.php(47): require_once('FCPATH\\index.php')
INFO - 2023-02-06 08:52:12 --> Session: Class initialized using 'CodeIgniter\Session\Handlers\FileHandler' driver.
CRITICAL - 2023-02-06 08:52:12 --> Trying to access array offset on value of type int
in APPPATH\Views\tampilan.php on line 38.
 1 APPPATH\Views\tampilan.php(38): CodeIgniter\Debug\Exceptions->errorHandler(2, 'Trying to access array offset on value of type int', 'APPPATH\\Views\\tampilan.php', 38)
 2 SYSTEMPATH\View\View.php(213): include('APPPATH\\Views\\tampilan.php')
 3 SYSTEMPATH\View\View.php(216): CodeIgniter\View\View->CodeIgniter\View\{closure}()
 4 SYSTEMPATH\Common.php(1177): CodeIgniter\View\View->render('tampilan', [], true)
 5 APPPATH\Controllers\Film.php(17): view('tampilan', [...])
 6 SYSTEMPATH\CodeIgniter.php(934): APP\Controllers\Film->index()
 7 SYSTEMPATH\CodeIgniter.php(499): CodeIgniter\CodeIgniter->runController(Object(APP\Controllers\Film))
 8 SYSTEMPATH\CodeIgniter.php(368): CodeIgniter\CodeIgniter->handleRequest(null, Object(Config\Cache), false)
 9 FCPATH\index.php(67): CodeIgniter\CodeIgniter->run()
10 SYSTEMPATH\Commands\Server\rewrite.php(47): require_once('FCPATH\\index.php')
INFO - 2023-02-06 08:52:13 --> Session: Class initialized using 'CodeIgniter\Session\Handlers\FileHandler' driver.
CRITICAL - 2023-02-06 08:52:13 --> Trying to access array offset on value of type int
in APPPATH\Views\tampilan.php on line 38.
 1 APPPATH\Views\tampilan.php(38): CodeIgniter\Debug\Exceptions->errorHandler(2, 'Trying to access array offset on value of type int', 'APPPATH\\Views\\tampilan.php', 38)
 2 SYSTEMPATH\View\View.php(213): include('APPPATH\\Views\\tampilan.php')
 3 SYSTEMPATH\View\View.php(216): CodeIgniter\View\View->CodeIgniter\View\{closure}()
 4 SYSTEMPATH\Common.php(1177): CodeIgniter\View\View->render('tampilan', [], true)
 5 APPPATH\Controllers\Film.php(17): view('tampilan', [...])
 6 SYSTEMPATH\CodeIgniter.php(934): APP\Controllers\Film->index()
 7 SYSTEMPATH\CodeIgniter.php(499): CodeIgniter\CodeIgniter->runController(Object(APP\Controllers\Film))
 8 SYSTEMPATH\CodeIgniter.php(368): CodeIgniter\CodeIgniter->handleRequest(null, Object(Config\Cache), false)
 9 FCPATH\index.php(67): CodeIgniter\CodeIgniter->run()
10 SYSTEMPATH\Commands\Server\rewrite.php(47): require_once('FCPATH\\index.php')
INFO - 2023-02-06 08:54:04 --> Session: Class initialized using 'CodeIgniter\Session\Handlers\FileHandler' driver.
CRITICAL - 2023-02-06 08:54:04 --> Trying to access array offset on value of type int
in APPPATH\Views\tampilan.php on line 38.
 1 APPPATH\Views\tampilan.php(38): CodeIgniter\Debug\Exceptions->errorHandler(2, 'Trying to access array offset on value of type int', 'APPPATH\\Views\\tampilan.php', 38)
 2 SYSTEMPATH\View\View.php(213): include('APPPATH\\Views\\tampilan.php')
 3 SYSTEMPATH\View\View.php(216): CodeIgniter\View\View->CodeIgniter\View\{closure}()
 4 SYSTEMPATH\Common.php(1177): CodeIgniter\View\View->render('tampilan', [], true)
 5 APPPATH\Controllers\Film.php(17): view('tampilan', [...])
 6 SYSTEMPATH\CodeIgniter.php(934): APP\Controllers\Film->index()
 7 SYSTEMPATH\CodeIgniter.php(499): CodeIgniter\CodeIgniter->runController(Object(APP\Controllers\Film))
 8 SYSTEMPATH\CodeIgniter.php(368): CodeIgniter\CodeIgniter->handleRequest(null, Object(Config\Cache), false)
 9 FCPATH\index.php(67): CodeIgniter\CodeIgniter->run()
10 SYSTEMPATH\Commands\Server\rewrite.php(47): require_once('FCPATH\\index.php')
INFO - 2023-02-06 08:54:04 --> Session: Class initialized using 'CodeIgniter\Session\Handlers\FileHandler' driver.
CRITICAL - 2023-02-06 08:54:04 --> Trying to access array offset on value of type int
in APPPATH\Views\tampilan.php on line 38.
 1 APPPATH\Views\tampilan.php(38): CodeIgniter\Debug\Exceptions->errorHandler(2, 'Trying to access array offset on value of type int', 'APPPATH\\Views\\tampilan.php', 38)
 2 SYSTEMPATH\View\View.php(213): include('APPPATH\\Views\\tampilan.php')
 3 SYSTEMPATH\View\View.php(216): CodeIgniter\View\View->CodeIgniter\View\{closure}()
 4 SYSTEMPATH\Common.php(1177): CodeIgniter\View\View->render('tampilan', [], true)
 5 APPPATH\Controllers\Film.php(17): view('tampilan', [...])
 6 SYSTEMPATH\CodeIgniter.php(934): APP\Controllers\Film->index()
 7 SYSTEMPATH\CodeIgniter.php(499): CodeIgniter\CodeIgniter->runController(Object(APP\Controllers\Film))
 8 SYSTEMPATH\CodeIgniter.php(368): CodeIgniter\CodeIgniter->handleRequest(null, Object(Config\Cache), false)
 9 FCPATH\index.php(67): CodeIgniter\CodeIgniter->run()
10 SYSTEMPATH\Commands\Server\rewrite.php(47): require_once('FCPATH\\index.php')
INFO - 2023-02-06 08:55:12 --> Session: Class initialized using 'CodeIgniter\Session\Handlers\FileHandler' driver.
INFO - 2023-02-06 08:56:09 --> Session: Class initialized using 'CodeIgniter\Session\Handlers\FileHandler' driver.
CRITICAL - 2023-02-06 08:56:09 --> Trying to access array offset on value of type int
in APPPATH\Views\tampilan.php on line 38.
 1 APPPATH\Views\tampilan.php(38): CodeIgniter\Debug\Exceptions->errorHandler(2, 'Trying to access array offset on value of type int', 'APPPATH\\Views\\tampilan.php', 38)
 2 SYSTEMPATH\View\View.php(213): include('APPPATH\\Views\\tampilan.php')
 3 SYSTEMPATH\View\View.php(216): CodeIgniter\View\View->CodeIgniter\View\{closure}()
 4 SYSTEMPATH\Common.php(1177): CodeIgniter\View\View->render('tampilan', [], true)
 5 APPPATH\Controllers\Film.php(17): view('tampilan', [...])
 6 SYSTEMPATH\CodeIgniter.php(934): APP\Controllers\Film->index()
 7 SYSTEMPATH\CodeIgniter.php(499): CodeIgniter\CodeIgniter->runController(Object(APP\Controllers\Film))
 8 SYSTEMPATH\CodeIgniter.php(368): CodeIgniter\CodeIgniter->handleRequest(null, Object(Config\Cache), false)
 9 FCPATH\index.php(67): CodeIgniter\CodeIgniter->run()
10 SYSTEMPATH\Commands\Server\rewrite.php(47): require_once('FCPATH\\index.php')
INFO - 2023-02-06 08:56:40 --> Session: Class initialized using 'CodeIgniter\Session\Handlers\FileHandler' driver.
INFO - 2023-02-06 13:44:20 --> Session: Class initialized using 'CodeIgniter\Session\Handlers\FileHandler' driver.
INFO - 2023-02-06 13:44:38 --> Session: Class initialized using 'CodeIgniter\Session\Handlers\FileHandler' driver.
INFO - 2023-02-06 13:44:52 --> Session: Class initialized using 'CodeIgniter\Session\Handlers\FileHandler' driver.
INFO - 2023-02-06 13:48:14 --> Session: Class initialized using 'CodeIgniter\Session\Handlers\FileHandler' driver.
INFO - 2023-02-06 14:08:01 --> Session: Class initialized using 'CodeIgniter\Session\Handlers\FileHandler' driver.
INFO - 2023-02-06 14:08:03 --> Session: Class initialized using 'CodeIgniter\Session\Handlers\FileHandler' driver.
INFO - 2023-02-06 14:10:25 --> Session: Class initialized using 'CodeIgniter\Session\Handlers\FileHandler' driver.
INFO - 2023-02-06 14:11:28 --> Session: Class initialized using 'CodeIgniter\Session\Handlers\FileHandler' driver.
INFO - 2023-02-06 14:11:29 --> Session: Class initialized using 'CodeIgniter\Session\Handlers\FileHandler' driver.
CRITICAL - 2023-02-06 14:11:29 --> Trying to access array offset on value of type int
in APPPATH\Views\tampilan.php on line 38.
 1 APPPATH\Views\tampilan.php(38): CodeIgniter\Debug\Exceptions->errorHandler(2, 'Trying to access array offset on value of type int', 'APPPATH\\Views\\tampilan.php', 38)
 2 SYSTEMPATH\View\View.php(213): include('APPPATH\\Views\\tampilan.php')
 3 SYSTEMPATH\View\View.php(216): CodeIgniter\View\View->CodeIgniter\View\{closure}()
 4 SYSTEMPATH\Common.php(1177): CodeIgniter\View\View->render('tampilan', [], true)
 5 APPPATH\Controllers\Film.php(17): view('tampilan', [...])
 6 SYSTEMPATH\CodeIgniter.php(934): APP\Controllers\Film->index()
 7 SYSTEMPATH\CodeIgniter.php(499): CodeIgniter\CodeIgniter->runController(Object(APP\Controllers\Film))
 8 SYSTEMPATH\CodeIgniter.php(368): CodeIgniter\CodeIgniter->handleRequest(null, Object(Config\Cache), false)
 9 FCPATH\index.php(67): CodeIgniter\CodeIgniter->run()
10 SYSTEMPATH\Commands\Server\rewrite.php(47): require_once('FCPATH\\index.php')
